

Current SSH Keys:
256 SHA256:2925ZCutAr6zy/xpYt1IZch74+sSBiTcrgzkr+bXBhY embrace.s0ul+s-a-c@gmail.com (ED25519)

[spawn-debug] phase=begin shell=5.9
[spawn-debug] phase=post-stabilize widgets=416 attempts_left=6
CAPTURE_START
UTC_TIMESTAMP=2025-10-01T07:57:32Z
TERMINAL_TARGET=wezterm
TERM_PROGRAM=WezTerm
TERM=xterm-256color
WARP_IS_LOCAL_SHELL_SESSION=0
WEZTERM_SHELL_INTEGRATION=1
GHOSTTY_SHELL_INTEGRATION=0
KITTY_SHELL_INTEGRATION=0
ZSH_VERSION=zsh 5.9 (arm-apple-darwin24.0.0)
ZLE_WIDGET_COUNT=416
SHELL=/opt/homebrew/bin/bash
USER=s-a-c
PWD=/Users/s-a-c/dotfiles/dot-config/zsh
CAPTURE_END
[spawn-debug] phase=done

# Notes
Validation: OK
Expected Marker: WEZTERM_SHELL_INTEGRATION
Spawned: 1
Generated By: capture-terminal-evidence.zsh
