[    2025-09-06T23:09:59 UTC] [INFO] Creating lazy wrapper for function: secure_ssh_restart_advanced (Advanced SSH Agent Security)
[    2025-09-06T23:09:59 UTC] [INFO] Creating lazy wrapper for function: secure_ssh_status (SSH Agent Status Functions)
[    2025-09-06T23:09:59 UTC] [INFO] Creating lazy wrapper for function: plugin_security_status_advanced (Advanced Plugin Security Status)
[    2025-09-06T23:09:59 UTC] [INFO] Creating lazy wrapper for function: plugin_security_scan_all (Plugin Security Scanner)
[    2025-09-06T23:09:59 UTC] [INFO] Creating lazy wrapper for function: plugin_security_update_registry (Plugin Registry Management)
[    2025-09-06T23:09:59 UTC] [INFO] Lazy loading framework initialized
[    2025-09-06T23:09:59 UTC] [INFO] Created lazy wrappers for heavy security modules
[    2025-09-06T23:10:10 UTC] [INFO] Creating lazy wrapper for function: secure_ssh_restart_advanced (Advanced SSH Agent Security)
[    2025-09-06T23:10:10 UTC] [INFO] Creating lazy wrapper for function: secure_ssh_status (SSH Agent Status Functions)
[    2025-09-06T23:10:10 UTC] [INFO] Creating lazy wrapper for function: plugin_security_status_advanced (Advanced Plugin Security Status)
[    2025-09-06T23:10:10 UTC] [INFO] Creating lazy wrapper for function: plugin_security_scan_all (Plugin Security Scanner)
[    2025-09-06T23:10:10 UTC] [INFO] Creating lazy wrapper for function: plugin_security_update_registry (Plugin Registry Management)
[    2025-09-06T23:10:10 UTC] [INFO] Lazy loading framework initialized
[    2025-09-06T23:10:10 UTC] [INFO] Created lazy wrappers for heavy security modules
[    2025-09-06T23:10:26 UTC] [INFO] Creating lazy wrapper for function: secure_ssh_restart_advanced (Advanced SSH Agent Security)
[    2025-09-06T23:10:26 UTC] [INFO] Creating lazy wrapper for function: secure_ssh_status (SSH Agent Status Functions)
[    2025-09-06T23:10:26 UTC] [INFO] Creating lazy wrapper for function: plugin_security_status_advanced (Advanced Plugin Security Status)
[    2025-09-06T23:10:26 UTC] [INFO] Creating lazy wrapper for function: plugin_security_scan_all (Plugin Security Scanner)
[    2025-09-06T23:10:26 UTC] [INFO] Creating lazy wrapper for function: plugin_security_update_registry (Plugin Registry Management)
[    2025-09-06T23:10:26 UTC] [INFO] Lazy loading framework initialized
[    2025-09-06T23:10:26 UTC] [INFO] Created lazy wrappers for heavy security modules
[    2025-09-06T23:10:33 UTC] [INFO] Creating lazy wrapper for function: secure_ssh_restart_advanced (Advanced SSH Agent Security)
[    2025-09-06T23:10:33 UTC] [INFO] Creating lazy wrapper for function: secure_ssh_status (SSH Agent Status Functions)
[    2025-09-06T23:10:33 UTC] [INFO] Creating lazy wrapper for function: plugin_security_status_advanced (Advanced Plugin Security Status)
[    2025-09-06T23:10:33 UTC] [INFO] Creating lazy wrapper for function: plugin_security_scan_all (Plugin Security Scanner)
[    2025-09-06T23:10:33 UTC] [INFO] Creating lazy wrapper for function: plugin_security_update_registry (Plugin Registry Management)
[    2025-09-06T23:10:33 UTC] [INFO] Lazy loading framework initialized
[    2025-09-06T23:10:33 UTC] [INFO] Created lazy wrappers for heavy security modules
[    2025-09-06T23:27:04 UTC] [INFO] Creating lazy wrapper for function: secure_ssh_restart_advanced (Advanced SSH Agent Security)
[    2025-09-06T23:27:04 UTC] [INFO] Creating lazy wrapper for function: secure_ssh_status (SSH Agent Status Functions)
[    2025-09-06T23:27:04 UTC] [INFO] Creating lazy wrapper for function: plugin_security_status_advanced (Advanced Plugin Security Status)
[    2025-09-06T23:27:04 UTC] [INFO] Creating lazy wrapper for function: plugin_security_scan_all (Plugin Security Scanner)
[    2025-09-06T23:27:04 UTC] [INFO] Creating lazy wrapper for function: plugin_security_update_registry (Plugin Registry Management)
[    2025-09-06T23:27:04 UTC] [INFO] Lazy loading framework initialized
[    2025-09-06T23:27:04 UTC] [INFO] Created lazy wrappers for heavy security modules
[    2025-09-07T16:17:59 UTC] [INFO] Creating lazy wrapper for function: secure_ssh_restart_advanced (Advanced SSH Agent Security)
[    2025-09-07T16:17:59 UTC] [INFO] Creating lazy wrapper for function: secure_ssh_status (SSH Agent Status Functions)
[    2025-09-07T16:17:59 UTC] [INFO] Creating lazy wrapper for function: plugin_security_status_advanced (Advanced Plugin Security Status)
[    2025-09-07T16:17:59 UTC] [INFO] Creating lazy wrapper for function: plugin_security_scan_all (Plugin Security Scanner)
[    2025-09-07T16:17:59 UTC] [INFO] Creating lazy wrapper for function: plugin_security_update_registry (Plugin Registry Management)
[    2025-09-07T16:17:59 UTC] [INFO] Lazy loading framework initialized
[    2025-09-07T16:17:59 UTC] [INFO] Created lazy wrappers for heavy security modules
[    2025-09-07T22:09:38 UTC] [INFO] Creating lazy wrapper for function: secure_ssh_restart_advanced (Advanced SSH Agent Security)
[    2025-09-07T22:09:38 UTC] [INFO] Creating lazy wrapper for function: secure_ssh_status (SSH Agent Status Functions)
[    2025-09-07T22:09:38 UTC] [INFO] Creating lazy wrapper for function: plugin_security_status_advanced (Advanced Plugin Security Status)
[    2025-09-07T22:09:38 UTC] [INFO] Creating lazy wrapper for function: plugin_security_scan_all (Plugin Security Scanner)
[    2025-09-07T22:09:38 UTC] [INFO] Creating lazy wrapper for function: plugin_security_update_registry (Plugin Registry Management)
[    2025-09-07T22:09:38 UTC] [INFO] Lazy loading framework initialized
[    2025-09-07T22:09:38 UTC] [INFO] Created lazy wrappers for heavy security modules
