[    2025-08-28T23:48:00 UTC] [INFO] Creating lazy wrapper for function: secure_ssh_restart_advanced (Advanced SSH Agent Security)
[    2025-08-28T23:48:00 UTC] [INFO] Creating lazy wrapper for function: secure_ssh_status (SSH Agent Status Functions)
[    2025-08-28T23:48:00 UTC] [INFO] Creating lazy wrapper for function: plugin_security_status_advanced (Advanced Plugin Security Status)
[    2025-08-28T23:48:00 UTC] [INFO] Creating lazy wrapper for function: plugin_security_scan_all (Plugin Security Scanner)
[    2025-08-28T23:48:01 UTC] [INFO] Creating lazy wrapper for function: plugin_security_update_registry (Plugin Registry Management)
[    2025-08-28T23:48:01 UTC] [INFO] Lazy loading framework initialized
[    2025-08-28T23:48:01 UTC] [INFO] Created lazy wrappers for heavy security modules
[    2025-08-28T23:49:43 UTC] [INFO] Creating lazy wrapper for function: secure_ssh_restart_advanced (Advanced SSH Agent Security)
[    2025-08-28T23:49:43 UTC] [INFO] Creating lazy wrapper for function: secure_ssh_status (SSH Agent Status Functions)
[    2025-08-28T23:49:43 UTC] [INFO] Creating lazy wrapper for function: plugin_security_status_advanced (Advanced Plugin Security Status)
[    2025-08-28T23:49:43 UTC] [INFO] Creating lazy wrapper for function: plugin_security_scan_all (Plugin Security Scanner)
[    2025-08-28T23:49:43 UTC] [INFO] Creating lazy wrapper for function: plugin_security_update_registry (Plugin Registry Management)
[    2025-08-28T23:49:43 UTC] [INFO] Lazy loading framework initialized
[    2025-08-28T23:49:43 UTC] [INFO] Created lazy wrappers for heavy security modules
[    2025-08-28T23:52:01 UTC] [INFO] Creating lazy wrapper for function: secure_ssh_restart_advanced (Advanced SSH Agent Security)
[    2025-08-28T23:52:01 UTC] [INFO] Creating lazy wrapper for function: secure_ssh_status (SSH Agent Status Functions)
[    2025-08-28T23:52:01 UTC] [INFO] Creating lazy wrapper for function: plugin_security_status_advanced (Advanced Plugin Security Status)
[    2025-08-28T23:52:01 UTC] [INFO] Creating lazy wrapper for function: plugin_security_scan_all (Plugin Security Scanner)
[    2025-08-28T23:52:01 UTC] [INFO] Creating lazy wrapper for function: plugin_security_update_registry (Plugin Registry Management)
[    2025-08-28T23:52:01 UTC] [INFO] Lazy loading framework initialized
[    2025-08-28T23:52:01 UTC] [INFO] Created lazy wrappers for heavy security modules
[    2025-08-29T00:13:13 UTC] [INFO] Creating lazy wrapper for function: secure_ssh_restart_advanced (Advanced SSH Agent Security)
[    2025-08-29T00:13:13 UTC] [INFO] Creating lazy wrapper for function: secure_ssh_status (SSH Agent Status Functions)
[    2025-08-29T00:13:13 UTC] [INFO] Creating lazy wrapper for function: plugin_security_status_advanced (Advanced Plugin Security Status)
[    2025-08-29T00:13:13 UTC] [INFO] Creating lazy wrapper for function: plugin_security_scan_all (Plugin Security Scanner)
[    2025-08-29T00:13:13 UTC] [INFO] Creating lazy wrapper for function: plugin_security_update_registry (Plugin Registry Management)
[    2025-08-29T00:13:13 UTC] [INFO] Lazy loading framework initialized
[    2025-08-29T00:13:13 UTC] [INFO] Created lazy wrappers for heavy security modules
[    2025-08-29T00:18:54 UTC] [INFO] Creating lazy wrapper for function: secure_ssh_restart_advanced (Advanced SSH Agent Security)
[    2025-08-29T00:18:54 UTC] [INFO] Creating lazy wrapper for function: secure_ssh_status (SSH Agent Status Functions)
[    2025-08-29T00:18:54 UTC] [INFO] Creating lazy wrapper for function: plugin_security_status_advanced (Advanced Plugin Security Status)
[    2025-08-29T00:18:54 UTC] [INFO] Creating lazy wrapper for function: plugin_security_scan_all (Plugin Security Scanner)
[    2025-08-29T00:18:54 UTC] [INFO] Creating lazy wrapper for function: plugin_security_update_registry (Plugin Registry Management)
[    2025-08-29T00:18:54 UTC] [INFO] Lazy loading framework initialized
[    2025-08-29T00:18:54 UTC] [INFO] Created lazy wrappers for heavy security modules
[    2025-08-29T00:35:59 UTC] [INFO] Creating lazy wrapper for function: secure_ssh_restart_advanced (Advanced SSH Agent Security)
[    2025-08-29T00:35:59 UTC] [INFO] Creating lazy wrapper for function: secure_ssh_status (SSH Agent Status Functions)
[    2025-08-29T00:35:59 UTC] [INFO] Creating lazy wrapper for function: plugin_security_status_advanced (Advanced Plugin Security Status)
[    2025-08-29T00:35:59 UTC] [INFO] Creating lazy wrapper for function: plugin_security_scan_all (Plugin Security Scanner)
[    2025-08-29T00:35:59 UTC] [INFO] Creating lazy wrapper for function: plugin_security_update_registry (Plugin Registry Management)
[    2025-08-29T00:35:59 UTC] [INFO] Lazy loading framework initialized
[    2025-08-29T00:35:59 UTC] [INFO] Created lazy wrappers for heavy security modules
[    2025-08-29T00:42:55 UTC] [INFO] Creating lazy wrapper for function: secure_ssh_restart_advanced (Advanced SSH Agent Security)
[    2025-08-29T00:42:55 UTC] [INFO] Creating lazy wrapper for function: secure_ssh_status (SSH Agent Status Functions)
[    2025-08-29T00:42:55 UTC] [INFO] Creating lazy wrapper for function: plugin_security_status_advanced (Advanced Plugin Security Status)
[    2025-08-29T00:42:55 UTC] [INFO] Creating lazy wrapper for function: plugin_security_scan_all (Plugin Security Scanner)
[    2025-08-29T00:42:55 UTC] [INFO] Creating lazy wrapper for function: plugin_security_update_registry (Plugin Registry Management)
[    2025-08-29T00:42:55 UTC] [INFO] Lazy loading framework initialized
[    2025-08-29T00:42:55 UTC] [INFO] Created lazy wrappers for heavy security modules
[    2025-08-29T00:43:35 UTC] [INFO] Creating lazy wrapper for function: secure_ssh_restart_advanced (Advanced SSH Agent Security)
[    2025-08-29T00:43:35 UTC] [INFO] Creating lazy wrapper for function: secure_ssh_status (SSH Agent Status Functions)
[    2025-08-29T00:43:35 UTC] [INFO] Creating lazy wrapper for function: plugin_security_status_advanced (Advanced Plugin Security Status)
[    2025-08-29T00:43:35 UTC] [INFO] Creating lazy wrapper for function: plugin_security_scan_all (Plugin Security Scanner)
[    2025-08-29T00:43:35 UTC] [INFO] Creating lazy wrapper for function: plugin_security_update_registry (Plugin Registry Management)
[    2025-08-29T00:43:35 UTC] [INFO] Lazy loading framework initialized
[    2025-08-29T00:43:35 UTC] [INFO] Created lazy wrappers for heavy security modules
[    2025-08-29T07:56:42 UTC] [INFO] Creating lazy wrapper for function: secure_ssh_restart_advanced (Advanced SSH Agent Security)
[    2025-08-29T07:56:42 UTC] [INFO] Creating lazy wrapper for function: secure_ssh_status (SSH Agent Status Functions)
[    2025-08-29T07:56:42 UTC] [INFO] Creating lazy wrapper for function: plugin_security_status_advanced (Advanced Plugin Security Status)
[    2025-08-29T07:56:42 UTC] [INFO] Creating lazy wrapper for function: plugin_security_scan_all (Plugin Security Scanner)
[    2025-08-29T07:56:42 UTC] [INFO] Creating lazy wrapper for function: plugin_security_update_registry (Plugin Registry Management)
[    2025-08-29T07:56:42 UTC] [INFO] Lazy loading framework initialized
[    2025-08-29T07:56:42 UTC] [INFO] Created lazy wrappers for heavy security modules
[    2025-08-29T08:17:08 UTC] [INFO] Creating lazy wrapper for function: secure_ssh_restart_advanced (Advanced SSH Agent Security)
[    2025-08-29T08:17:08 UTC] [INFO] Creating lazy wrapper for function: secure_ssh_status (SSH Agent Status Functions)
[    2025-08-29T08:17:08 UTC] [INFO] Creating lazy wrapper for function: plugin_security_status_advanced (Advanced Plugin Security Status)
[    2025-08-29T08:17:08 UTC] [INFO] Creating lazy wrapper for function: plugin_security_scan_all (Plugin Security Scanner)
[    2025-08-29T08:17:08 UTC] [INFO] Creating lazy wrapper for function: plugin_security_update_registry (Plugin Registry Management)
[    2025-08-29T08:17:08 UTC] [INFO] Lazy loading framework initialized
[    2025-08-29T08:17:08 UTC] [INFO] Created lazy wrappers for heavy security modules
[    2025-08-29T08:18:32 UTC] [INFO] Creating lazy wrapper for function: secure_ssh_restart_advanced (Advanced SSH Agent Security)
[    2025-08-29T08:18:32 UTC] [INFO] Creating lazy wrapper for function: secure_ssh_status (SSH Agent Status Functions)
[    2025-08-29T08:18:32 UTC] [INFO] Creating lazy wrapper for function: plugin_security_status_advanced (Advanced Plugin Security Status)
[    2025-08-29T08:18:32 UTC] [INFO] Creating lazy wrapper for function: plugin_security_scan_all (Plugin Security Scanner)
[    2025-08-29T08:18:32 UTC] [INFO] Creating lazy wrapper for function: plugin_security_update_registry (Plugin Registry Management)
[    2025-08-29T08:18:32 UTC] [INFO] Lazy loading framework initialized
[    2025-08-29T08:18:32 UTC] [INFO] Created lazy wrappers for heavy security modules
[    2025-08-29T09:32:31 UTC] [INFO] Creating lazy wrapper for function: secure_ssh_restart_advanced (Advanced SSH Agent Security)
[    2025-08-29T09:32:31 UTC] [INFO] Creating lazy wrapper for function: secure_ssh_status (SSH Agent Status Functions)
[    2025-08-29T09:32:31 UTC] [INFO] Creating lazy wrapper for function: plugin_security_status_advanced (Advanced Plugin Security Status)
[    2025-08-29T09:32:31 UTC] [INFO] Creating lazy wrapper for function: plugin_security_scan_all (Plugin Security Scanner)
[    2025-08-29T09:32:31 UTC] [INFO] Creating lazy wrapper for function: plugin_security_update_registry (Plugin Registry Management)
[    2025-08-29T09:32:31 UTC] [INFO] Lazy loading framework initialized
[    2025-08-29T09:32:31 UTC] [INFO] Created lazy wrappers for heavy security modules
[    2025-08-29T10:17:33 UTC] [INFO] Creating lazy wrapper for function: secure_ssh_restart_advanced (Advanced SSH Agent Security)
[    2025-08-29T10:17:33 UTC] [INFO] Creating lazy wrapper for function: secure_ssh_status (SSH Agent Status Functions)
[    2025-08-29T10:17:33 UTC] [INFO] Creating lazy wrapper for function: plugin_security_status_advanced (Advanced Plugin Security Status)
[    2025-08-29T10:17:33 UTC] [INFO] Creating lazy wrapper for function: plugin_security_scan_all (Plugin Security Scanner)
[    2025-08-29T10:17:33 UTC] [INFO] Creating lazy wrapper for function: plugin_security_update_registry (Plugin Registry Management)
[    2025-08-29T10:17:33 UTC] [INFO] Lazy loading framework initialized
[    2025-08-29T10:17:33 UTC] [INFO] Created lazy wrappers for heavy security modules
[    2025-08-29T10:27:41 UTC] [INFO] Creating lazy wrapper for function: secure_ssh_restart_advanced (Advanced SSH Agent Security)
[    2025-08-29T10:27:41 UTC] [INFO] Creating lazy wrapper for function: secure_ssh_status (SSH Agent Status Functions)
[    2025-08-29T10:27:41 UTC] [INFO] Creating lazy wrapper for function: plugin_security_status_advanced (Advanced Plugin Security Status)
[    2025-08-29T10:27:41 UTC] [INFO] Creating lazy wrapper for function: plugin_security_scan_all (Plugin Security Scanner)
[    2025-08-29T10:27:41 UTC] [INFO] Creating lazy wrapper for function: plugin_security_update_registry (Plugin Registry Management)
[    2025-08-29T10:27:41 UTC] [INFO] Lazy loading framework initialized
[    2025-08-29T10:27:42 UTC] [INFO] Created lazy wrappers for heavy security modules
[    2025-08-29T10:28:07 UTC] [INFO] Creating lazy wrapper for function: secure_ssh_restart_advanced (Advanced SSH Agent Security)
[    2025-08-29T10:28:07 UTC] [INFO] Creating lazy wrapper for function: secure_ssh_status (SSH Agent Status Functions)
[    2025-08-29T10:28:07 UTC] [INFO] Creating lazy wrapper for function: plugin_security_status_advanced (Advanced Plugin Security Status)
[    2025-08-29T10:28:07 UTC] [INFO] Creating lazy wrapper for function: plugin_security_scan_all (Plugin Security Scanner)
[    2025-08-29T10:28:07 UTC] [INFO] Creating lazy wrapper for function: plugin_security_update_registry (Plugin Registry Management)
[    2025-08-29T10:28:07 UTC] [INFO] Lazy loading framework initialized
[    2025-08-29T10:28:07 UTC] [INFO] Created lazy wrappers for heavy security modules
[    2025-08-29T12:27:29 UTC] [INFO] Creating lazy wrapper for function: secure_ssh_restart_advanced (Advanced SSH Agent Security)
[    2025-08-29T12:27:29 UTC] [INFO] Creating lazy wrapper for function: secure_ssh_status (SSH Agent Status Functions)
[    2025-08-29T12:27:29 UTC] [INFO] Creating lazy wrapper for function: plugin_security_status_advanced (Advanced Plugin Security Status)
[    2025-08-29T12:27:29 UTC] [INFO] Creating lazy wrapper for function: plugin_security_scan_all (Plugin Security Scanner)
[    2025-08-29T12:27:29 UTC] [INFO] Creating lazy wrapper for function: plugin_security_update_registry (Plugin Registry Management)
[    2025-08-29T12:27:29 UTC] [INFO] Lazy loading framework initialized
[    2025-08-29T12:27:29 UTC] [INFO] Created lazy wrappers for heavy security modules
[    2025-08-29T12:27:29 UTC] [INFO] Creating lazy wrapper for function: secure_ssh_restart_advanced (Advanced SSH Agent Security)
[    2025-08-29T12:27:29 UTC] [INFO] Creating lazy wrapper for function: secure_ssh_status (SSH Agent Status Functions)
[    2025-08-29T12:27:29 UTC] [INFO] Creating lazy wrapper for function: plugin_security_status_advanced (Advanced Plugin Security Status)
[    2025-08-29T12:27:29 UTC] [INFO] Creating lazy wrapper for function: plugin_security_scan_all (Plugin Security Scanner)
[    2025-08-29T12:27:29 UTC] [INFO] Creating lazy wrapper for function: plugin_security_update_registry (Plugin Registry Management)
[    2025-08-29T12:27:29 UTC] [INFO] Lazy loading framework initialized
[    2025-08-29T12:27:29 UTC] [INFO] Created lazy wrappers for heavy security modules
[    2025-08-29T12:27:30 UTC] [INFO] Creating lazy wrapper for function: secure_ssh_restart_advanced (Advanced SSH Agent Security)
[    2025-08-29T12:27:30 UTC] [INFO] Creating lazy wrapper for function: secure_ssh_status (SSH Agent Status Functions)
[    2025-08-29T12:27:30 UTC] [INFO] Creating lazy wrapper for function: plugin_security_status_advanced (Advanced Plugin Security Status)
[    2025-08-29T12:27:30 UTC] [INFO] Creating lazy wrapper for function: plugin_security_scan_all (Plugin Security Scanner)
[    2025-08-29T12:27:30 UTC] [INFO] Creating lazy wrapper for function: plugin_security_update_registry (Plugin Registry Management)
[    2025-08-29T12:27:30 UTC] [INFO] Lazy loading framework initialized
[    2025-08-29T12:27:30 UTC] [INFO] Created lazy wrappers for heavy security modules
[    2025-08-29T12:27:30 UTC] [INFO] Creating lazy wrapper for function: secure_ssh_restart_advanced (Advanced SSH Agent Security)
[    2025-08-29T12:27:30 UTC] [INFO] Creating lazy wrapper for function: secure_ssh_status (SSH Agent Status Functions)
[    2025-08-29T12:27:30 UTC] [INFO] Creating lazy wrapper for function: plugin_security_status_advanced (Advanced Plugin Security Status)
[    2025-08-29T12:27:30 UTC] [INFO] Creating lazy wrapper for function: plugin_security_scan_all (Plugin Security Scanner)
[    2025-08-29T12:27:30 UTC] [INFO] Creating lazy wrapper for function: plugin_security_update_registry (Plugin Registry Management)
[    2025-08-29T12:27:30 UTC] [INFO] Lazy loading framework initialized
[    2025-08-29T12:27:30 UTC] [INFO] Created lazy wrappers for heavy security modules
[    2025-08-29T12:27:30 UTC] [INFO] Creating lazy wrapper for function: secure_ssh_restart_advanced (Advanced SSH Agent Security)
[    2025-08-29T12:27:30 UTC] [INFO] Creating lazy wrapper for function: secure_ssh_status (SSH Agent Status Functions)
[    2025-08-29T12:27:30 UTC] [INFO] Creating lazy wrapper for function: plugin_security_status_advanced (Advanced Plugin Security Status)
[    2025-08-29T12:27:30 UTC] [INFO] Creating lazy wrapper for function: plugin_security_scan_all (Plugin Security Scanner)
[    2025-08-29T12:27:30 UTC] [INFO] Creating lazy wrapper for function: plugin_security_update_registry (Plugin Registry Management)
[    2025-08-29T12:27:30 UTC] [INFO] Lazy loading framework initialized
[    2025-08-29T12:27:30 UTC] [INFO] Created lazy wrappers for heavy security modules
[    2025-08-29T12:27:31 UTC] [INFO] Creating lazy wrapper for function: secure_ssh_restart_advanced (Advanced SSH Agent Security)
[    2025-08-29T12:27:31 UTC] [INFO] Creating lazy wrapper for function: secure_ssh_status (SSH Agent Status Functions)
[    2025-08-29T12:27:31 UTC] [INFO] Creating lazy wrapper for function: plugin_security_status_advanced (Advanced Plugin Security Status)
[    2025-08-29T12:27:31 UTC] [INFO] Creating lazy wrapper for function: plugin_security_scan_all (Plugin Security Scanner)
[    2025-08-29T12:27:31 UTC] [INFO] Creating lazy wrapper for function: plugin_security_update_registry (Plugin Registry Management)
[    2025-08-29T12:27:31 UTC] [INFO] Lazy loading framework initialized
[    2025-08-29T12:27:31 UTC] [INFO] Created lazy wrappers for heavy security modules
[    2025-08-29T12:27:31 UTC] [INFO] Creating lazy wrapper for function: secure_ssh_restart_advanced (Advanced SSH Agent Security)
[    2025-08-29T12:27:31 UTC] [INFO] Creating lazy wrapper for function: secure_ssh_status (SSH Agent Status Functions)
[    2025-08-29T12:27:31 UTC] [INFO] Creating lazy wrapper for function: plugin_security_status_advanced (Advanced Plugin Security Status)
[    2025-08-29T12:27:31 UTC] [INFO] Creating lazy wrapper for function: plugin_security_scan_all (Plugin Security Scanner)
[    2025-08-29T12:27:31 UTC] [INFO] Creating lazy wrapper for function: plugin_security_update_registry (Plugin Registry Management)
[    2025-08-29T12:27:31 UTC] [INFO] Lazy loading framework initialized
[    2025-08-29T12:27:31 UTC] [INFO] Created lazy wrappers for heavy security modules
[    2025-08-29T12:27:31 UTC] [INFO] Creating lazy wrapper for function: secure_ssh_restart_advanced (Advanced SSH Agent Security)
[    2025-08-29T12:27:31 UTC] [INFO] Creating lazy wrapper for function: secure_ssh_status (SSH Agent Status Functions)
[    2025-08-29T12:27:31 UTC] [INFO] Creating lazy wrapper for function: plugin_security_status_advanced (Advanced Plugin Security Status)
[    2025-08-29T12:27:31 UTC] [INFO] Creating lazy wrapper for function: plugin_security_scan_all (Plugin Security Scanner)
[    2025-08-29T12:27:31 UTC] [INFO] Creating lazy wrapper for function: plugin_security_update_registry (Plugin Registry Management)
[    2025-08-29T12:27:31 UTC] [INFO] Lazy loading framework initialized
[    2025-08-29T12:27:31 UTC] [INFO] Created lazy wrappers for heavy security modules
[    2025-08-29T12:27:32 UTC] [INFO] Creating lazy wrapper for function: secure_ssh_restart_advanced (Advanced SSH Agent Security)
[    2025-08-29T12:27:32 UTC] [INFO] Creating lazy wrapper for function: secure_ssh_status (SSH Agent Status Functions)
[    2025-08-29T12:27:32 UTC] [INFO] Creating lazy wrapper for function: plugin_security_status_advanced (Advanced Plugin Security Status)
[    2025-08-29T12:27:32 UTC] [INFO] Creating lazy wrapper for function: secure_ssh_restart_advanced (Advanced SSH Agent Security)
[    2025-08-29T12:27:32 UTC] [INFO] Creating lazy wrapper for function: plugin_security_scan_all (Plugin Security Scanner)
[    2025-08-29T12:27:32 UTC] [INFO] Creating lazy wrapper for function: secure_ssh_status (SSH Agent Status Functions)
[    2025-08-29T12:27:32 UTC] [INFO] Creating lazy wrapper for function: plugin_security_update_registry (Plugin Registry Management)
[    2025-08-29T12:27:32 UTC] [INFO] Creating lazy wrapper for function: plugin_security_status_advanced (Advanced Plugin Security Status)
[    2025-08-29T12:27:32 UTC] [INFO] Lazy loading framework initialized
[    2025-08-29T12:27:32 UTC] [INFO] Creating lazy wrapper for function: plugin_security_scan_all (Plugin Security Scanner)
[    2025-08-29T12:27:32 UTC] [INFO] Created lazy wrappers for heavy security modules
[    2025-08-29T12:27:32 UTC] [INFO] Creating lazy wrapper for function: plugin_security_update_registry (Plugin Registry Management)
[    2025-08-29T12:27:32 UTC] [INFO] Lazy loading framework initialized
[    2025-08-29T12:27:32 UTC] [INFO] Created lazy wrappers for heavy security modules
[    2025-08-29T12:27:32 UTC] [INFO] Creating lazy wrapper for function: secure_ssh_restart_advanced (Advanced SSH Agent Security)
[    2025-08-29T12:27:32 UTC] [INFO] Creating lazy wrapper for function: secure_ssh_status (SSH Agent Status Functions)
[    2025-08-29T12:27:32 UTC] [INFO] Creating lazy wrapper for function: plugin_security_status_advanced (Advanced Plugin Security Status)
[    2025-08-29T12:27:32 UTC] [INFO] Creating lazy wrapper for function: plugin_security_scan_all (Plugin Security Scanner)
[    2025-08-29T12:27:32 UTC] [INFO] Creating lazy wrapper for function: plugin_security_update_registry (Plugin Registry Management)
[    2025-08-29T12:27:32 UTC] [INFO] Lazy loading framework initialized
[    2025-08-29T12:27:32 UTC] [INFO] Created lazy wrappers for heavy security modules
[    2025-08-29T12:27:33 UTC] [INFO] Creating lazy wrapper for function: secure_ssh_restart_advanced (Advanced SSH Agent Security)
[    2025-08-29T12:27:33 UTC] [INFO] Creating lazy wrapper for function: secure_ssh_status (SSH Agent Status Functions)
[    2025-08-29T12:27:33 UTC] [INFO] Creating lazy wrapper for function: plugin_security_status_advanced (Advanced Plugin Security Status)
[    2025-08-29T12:27:33 UTC] [INFO] Creating lazy wrapper for function: plugin_security_scan_all (Plugin Security Scanner)
[    2025-08-29T12:27:33 UTC] [INFO] Creating lazy wrapper for function: plugin_security_update_registry (Plugin Registry Management)
[    2025-08-29T12:27:33 UTC] [INFO] Lazy loading framework initialized
[    2025-08-29T12:27:33 UTC] [INFO] Created lazy wrappers for heavy security modules
[    2025-08-29T12:27:34 UTC] [INFO] Creating lazy wrapper for function: secure_ssh_restart_advanced (Advanced SSH Agent Security)
[    2025-08-29T12:27:34 UTC] [INFO] Creating lazy wrapper for function: secure_ssh_status (SSH Agent Status Functions)
[    2025-08-29T12:27:34 UTC] [INFO] Creating lazy wrapper for function: plugin_security_status_advanced (Advanced Plugin Security Status)
[    2025-08-29T12:27:34 UTC] [INFO] Creating lazy wrapper for function: plugin_security_scan_all (Plugin Security Scanner)
[    2025-08-29T12:27:34 UTC] [INFO] Creating lazy wrapper for function: plugin_security_update_registry (Plugin Registry Management)
[    2025-08-29T12:27:34 UTC] [INFO] Lazy loading framework initialized
[    2025-08-29T12:27:34 UTC] [INFO] Created lazy wrappers for heavy security modules
[    2025-08-29T12:27:35 UTC] [INFO] Creating lazy wrapper for function: secure_ssh_restart_advanced (Advanced SSH Agent Security)
[    2025-08-29T12:27:35 UTC] [INFO] Creating lazy wrapper for function: secure_ssh_status (SSH Agent Status Functions)
[    2025-08-29T12:27:35 UTC] [INFO] Creating lazy wrapper for function: secure_ssh_restart_advanced (Advanced SSH Agent Security)
[    2025-08-29T12:27:35 UTC] [INFO] Creating lazy wrapper for function: secure_ssh_status (SSH Agent Status Functions)
[    2025-08-29T12:27:35 UTC] [INFO] Creating lazy wrapper for function: secure_ssh_restart_advanced (Advanced SSH Agent Security)
[    2025-08-29T12:27:35 UTC] [INFO] Creating lazy wrapper for function: plugin_security_status_advanced (Advanced Plugin Security Status)
[    2025-08-29T12:27:35 UTC] [INFO] Creating lazy wrapper for function: plugin_security_status_advanced (Advanced Plugin Security Status)
[    2025-08-29T12:27:35 UTC] [INFO] Creating lazy wrapper for function: secure_ssh_status (SSH Agent Status Functions)
[    2025-08-29T12:27:35 UTC] [INFO] Creating lazy wrapper for function: plugin_security_scan_all (Plugin Security Scanner)
[    2025-08-29T12:27:35 UTC] [INFO] Creating lazy wrapper for function: plugin_security_update_registry (Plugin Registry Management)
[    2025-08-29T12:27:35 UTC] [INFO] Creating lazy wrapper for function: plugin_security_status_advanced (Advanced Plugin Security Status)
[    2025-08-29T12:27:35 UTC] [INFO] Creating lazy wrapper for function: plugin_security_scan_all (Plugin Security Scanner)
[    2025-08-29T12:27:35 UTC] [INFO] Lazy loading framework initialized
[    2025-08-29T12:27:35 UTC] [INFO] Creating lazy wrapper for function: plugin_security_update_registry (Plugin Registry Management)
[    2025-08-29T12:27:35 UTC] [INFO] Creating lazy wrapper for function: plugin_security_scan_all (Plugin Security Scanner)
[    2025-08-29T12:27:35 UTC] [INFO] Created lazy wrappers for heavy security modules
[    2025-08-29T12:27:35 UTC] [INFO] Lazy loading framework initialized
[    2025-08-29T12:27:35 UTC] [INFO] Creating lazy wrapper for function: plugin_security_update_registry (Plugin Registry Management)
[    2025-08-29T12:27:35 UTC] [INFO] Lazy loading framework initialized
[    2025-08-29T12:27:35 UTC] [INFO] Created lazy wrappers for heavy security modules
[    2025-08-29T12:27:35 UTC] [INFO] Created lazy wrappers for heavy security modules
[    2025-08-29T12:27:35 UTC] [INFO] Creating lazy wrapper for function: secure_ssh_restart_advanced (Advanced SSH Agent Security)
[    2025-08-29T12:27:35 UTC] [INFO] Creating lazy wrapper for function: secure_ssh_status (SSH Agent Status Functions)
[    2025-08-29T12:27:35 UTC] [INFO] Creating lazy wrapper for function: plugin_security_status_advanced (Advanced Plugin Security Status)
[    2025-08-29T12:27:35 UTC] [INFO] Creating lazy wrapper for function: plugin_security_scan_all (Plugin Security Scanner)
[    2025-08-29T12:27:35 UTC] [INFO] Creating lazy wrapper for function: plugin_security_update_registry (Plugin Registry Management)
[    2025-08-29T12:27:35 UTC] [INFO] Lazy loading framework initialized
[    2025-08-29T12:27:35 UTC] [INFO] Created lazy wrappers for heavy security modules
[    2025-08-29T12:27:35 UTC] [INFO] Creating lazy wrapper for function: secure_ssh_restart_advanced (Advanced SSH Agent Security)
[    2025-08-29T12:27:35 UTC] [INFO] Creating lazy wrapper for function: secure_ssh_status (SSH Agent Status Functions)
[    2025-08-29T12:27:35 UTC] [INFO] Creating lazy wrapper for function: secure_ssh_restart_advanced (Advanced SSH Agent Security)
[    2025-08-29T12:27:35 UTC] [INFO] Creating lazy wrapper for function: secure_ssh_status (SSH Agent Status Functions)
[    2025-08-29T12:27:35 UTC] [INFO] Creating lazy wrapper for function: plugin_security_status_advanced (Advanced Plugin Security Status)
[    2025-08-29T12:27:35 UTC] [INFO] Creating lazy wrapper for function: plugin_security_scan_all (Plugin Security Scanner)
[    2025-08-29T12:27:35 UTC] [INFO] Creating lazy wrapper for function: plugin_security_status_advanced (Advanced Plugin Security Status)
[    2025-08-29T12:27:35 UTC] [INFO] Creating lazy wrapper for function: plugin_security_update_registry (Plugin Registry Management)
[    2025-08-29T12:27:35 UTC] [INFO] Creating lazy wrapper for function: plugin_security_scan_all (Plugin Security Scanner)
[    2025-08-29T12:27:35 UTC] [INFO] Lazy loading framework initialized
[    2025-08-29T12:27:35 UTC] [INFO] Creating lazy wrapper for function: plugin_security_update_registry (Plugin Registry Management)
[    2025-08-29T12:27:35 UTC] [INFO] Created lazy wrappers for heavy security modules
[    2025-08-29T12:27:35 UTC] [INFO] Lazy loading framework initialized
[    2025-08-29T12:27:35 UTC] [INFO] Created lazy wrappers for heavy security modules
[    2025-08-29T12:27:35 UTC] [INFO] Creating lazy wrapper for function: secure_ssh_restart_advanced (Advanced SSH Agent Security)
[    2025-08-29T12:27:35 UTC] [INFO] Creating lazy wrapper for function: secure_ssh_status (SSH Agent Status Functions)
[    2025-08-29T12:27:35 UTC] [INFO] Creating lazy wrapper for function: plugin_security_status_advanced (Advanced Plugin Security Status)
[    2025-08-29T12:27:35 UTC] [INFO] Creating lazy wrapper for function: plugin_security_scan_all (Plugin Security Scanner)
[    2025-08-29T12:27:35 UTC] [INFO] Creating lazy wrapper for function: plugin_security_update_registry (Plugin Registry Management)
[    2025-08-29T12:27:35 UTC] [INFO] Lazy loading framework initialized
[    2025-08-29T12:27:35 UTC] [INFO] Created lazy wrappers for heavy security modules
[    2025-08-29T12:27:36 UTC] [INFO] Creating lazy wrapper for function: secure_ssh_restart_advanced (Advanced SSH Agent Security)
[    2025-08-29T12:27:36 UTC] [INFO] Creating lazy wrapper for function: secure_ssh_status (SSH Agent Status Functions)
[    2025-08-29T12:27:36 UTC] [INFO] Creating lazy wrapper for function: plugin_security_status_advanced (Advanced Plugin Security Status)
[    2025-08-29T12:27:36 UTC] [INFO] Creating lazy wrapper for function: plugin_security_scan_all (Plugin Security Scanner)
[    2025-08-29T12:27:36 UTC] [INFO] Creating lazy wrapper for function: plugin_security_update_registry (Plugin Registry Management)
[    2025-08-29T12:27:36 UTC] [INFO] Lazy loading framework initialized
[    2025-08-29T12:27:36 UTC] [INFO] Created lazy wrappers for heavy security modules
[    2025-08-29T12:27:36 UTC] [INFO] Creating lazy wrapper for function: secure_ssh_restart_advanced (Advanced SSH Agent Security)
[    2025-08-29T12:27:36 UTC] [INFO] Creating lazy wrapper for function: secure_ssh_status (SSH Agent Status Functions)
[    2025-08-29T12:27:36 UTC] [INFO] Creating lazy wrapper for function: plugin_security_status_advanced (Advanced Plugin Security Status)
[    2025-08-29T12:27:36 UTC] [INFO] Creating lazy wrapper for function: secure_ssh_restart_advanced (Advanced SSH Agent Security)
[    2025-08-29T12:27:36 UTC] [INFO] Creating lazy wrapper for function: plugin_security_scan_all (Plugin Security Scanner)
[    2025-08-29T12:27:36 UTC] [INFO] Creating lazy wrapper for function: secure_ssh_status (SSH Agent Status Functions)
[    2025-08-29T12:27:36 UTC] [INFO] Creating lazy wrapper for function: plugin_security_status_advanced (Advanced Plugin Security Status)
[    2025-08-29T12:27:36 UTC] [INFO] Creating lazy wrapper for function: plugin_security_update_registry (Plugin Registry Management)
[    2025-08-29T12:27:36 UTC] [INFO] Creating lazy wrapper for function: plugin_security_scan_all (Plugin Security Scanner)
[    2025-08-29T12:27:36 UTC] [INFO] Lazy loading framework initialized
[    2025-08-29T12:27:36 UTC] [INFO] Creating lazy wrapper for function: plugin_security_update_registry (Plugin Registry Management)
[    2025-08-29T12:27:36 UTC] [INFO] Created lazy wrappers for heavy security modules
[    2025-08-29T12:27:36 UTC] [INFO] Lazy loading framework initialized
[    2025-08-29T12:27:36 UTC] [INFO] Created lazy wrappers for heavy security modules
[    2025-08-29T12:27:36 UTC] [INFO] Creating lazy wrapper for function: secure_ssh_restart_advanced (Advanced SSH Agent Security)
[    2025-08-29T12:27:36 UTC] [INFO] Creating lazy wrapper for function: secure_ssh_status (SSH Agent Status Functions)
[    2025-08-29T12:27:36 UTC] [INFO] Creating lazy wrapper for function: plugin_security_status_advanced (Advanced Plugin Security Status)
[    2025-08-29T12:27:36 UTC] [INFO] Creating lazy wrapper for function: plugin_security_scan_all (Plugin Security Scanner)
[    2025-08-29T12:27:36 UTC] [INFO] Creating lazy wrapper for function: plugin_security_update_registry (Plugin Registry Management)
[    2025-08-29T12:27:36 UTC] [INFO] Lazy loading framework initialized
[    2025-08-29T12:27:36 UTC] [INFO] Created lazy wrappers for heavy security modules
[    2025-08-29T12:27:38 UTC] [INFO] Creating lazy wrapper for function: secure_ssh_restart_advanced (Advanced SSH Agent Security)
[    2025-08-29T12:27:38 UTC] [INFO] Creating lazy wrapper for function: secure_ssh_restart_advanced (Advanced SSH Agent Security)
[    2025-08-29T12:27:38 UTC] [INFO] Creating lazy wrapper for function: secure_ssh_status (SSH Agent Status Functions)
[    2025-08-29T12:27:38 UTC] [INFO] Creating lazy wrapper for function: secure_ssh_status (SSH Agent Status Functions)
[    2025-08-29T12:27:38 UTC] [INFO] Creating lazy wrapper for function: plugin_security_status_advanced (Advanced Plugin Security Status)
[    2025-08-29T12:27:38 UTC] [INFO] Creating lazy wrapper for function: secure_ssh_restart_advanced (Advanced SSH Agent Security)
[    2025-08-29T12:27:38 UTC] [INFO] Creating lazy wrapper for function: plugin_security_status_advanced (Advanced Plugin Security Status)
[    2025-08-29T12:27:38 UTC] [INFO] Creating lazy wrapper for function: secure_ssh_status (SSH Agent Status Functions)
[    2025-08-29T12:27:38 UTC] [INFO] Creating lazy wrapper for function: plugin_security_status_advanced (Advanced Plugin Security Status)
[    2025-08-29T12:27:38 UTC] [INFO] Creating lazy wrapper for function: plugin_security_scan_all (Plugin Security Scanner)
[    2025-08-29T12:27:38 UTC] [INFO] Creating lazy wrapper for function: plugin_security_update_registry (Plugin Registry Management)
[    2025-08-29T12:27:38 UTC] [INFO] Creating lazy wrapper for function: plugin_security_scan_all (Plugin Security Scanner)
[    2025-08-29T12:27:38 UTC] [INFO] Creating lazy wrapper for function: plugin_security_scan_all (Plugin Security Scanner)
[    2025-08-29T12:27:38 UTC] [INFO] Lazy loading framework initialized
[    2025-08-29T12:27:38 UTC] [INFO] Creating lazy wrapper for function: plugin_security_update_registry (Plugin Registry Management)
[    2025-08-29T12:27:38 UTC] [INFO] Created lazy wrappers for heavy security modules
[    2025-08-29T12:27:38 UTC] [INFO] Creating lazy wrapper for function: plugin_security_update_registry (Plugin Registry Management)
[    2025-08-29T12:27:38 UTC] [INFO] Lazy loading framework initialized
[    2025-08-29T12:27:38 UTC] [INFO] Lazy loading framework initialized
[    2025-08-29T12:27:38 UTC] [INFO] Created lazy wrappers for heavy security modules
[    2025-08-29T12:27:38 UTC] [INFO] Created lazy wrappers for heavy security modules
[    2025-08-29T12:27:38 UTC] [INFO] Creating lazy wrapper for function: secure_ssh_restart_advanced (Advanced SSH Agent Security)
[    2025-08-29T12:27:38 UTC] [INFO] Creating lazy wrapper for function: secure_ssh_status (SSH Agent Status Functions)
[    2025-08-29T12:27:38 UTC] [INFO] Creating lazy wrapper for function: plugin_security_status_advanced (Advanced Plugin Security Status)
[    2025-08-29T12:27:38 UTC] [INFO] Creating lazy wrapper for function: plugin_security_scan_all (Plugin Security Scanner)
[    2025-08-29T12:27:38 UTC] [INFO] Creating lazy wrapper for function: plugin_security_update_registry (Plugin Registry Management)
[    2025-08-29T12:27:38 UTC] [INFO] Lazy loading framework initialized
[    2025-08-29T12:27:38 UTC] [INFO] Created lazy wrappers for heavy security modules
[    2025-08-29T12:27:39 UTC] [INFO] Creating lazy wrapper for function: secure_ssh_restart_advanced (Advanced SSH Agent Security)
[    2025-08-29T12:27:39 UTC] [INFO] Creating lazy wrapper for function: secure_ssh_status (SSH Agent Status Functions)
[    2025-08-29T12:27:39 UTC] [INFO] Creating lazy wrapper for function: plugin_security_status_advanced (Advanced Plugin Security Status)
[    2025-08-29T12:27:39 UTC] [INFO] Creating lazy wrapper for function: plugin_security_scan_all (Plugin Security Scanner)
[    2025-08-29T12:27:39 UTC] [INFO] Creating lazy wrapper for function: plugin_security_update_registry (Plugin Registry Management)
[    2025-08-29T12:27:39 UTC] [INFO] Lazy loading framework initialized
[    2025-08-29T12:27:39 UTC] [INFO] Created lazy wrappers for heavy security modules
[    2025-08-29T12:27:40 UTC] [INFO] Creating lazy wrapper for function: secure_ssh_restart_advanced (Advanced SSH Agent Security)
[    2025-08-29T12:27:40 UTC] [INFO] Creating lazy wrapper for function: secure_ssh_restart_advanced (Advanced SSH Agent Security)
[    2025-08-29T12:27:40 UTC] [INFO] Creating lazy wrapper for function: secure_ssh_status (SSH Agent Status Functions)
[    2025-08-29T12:27:40 UTC] [INFO] Creating lazy wrapper for function: secure_ssh_status (SSH Agent Status Functions)
[    2025-08-29T12:27:40 UTC] [INFO] Creating lazy wrapper for function: plugin_security_status_advanced (Advanced Plugin Security Status)
[    2025-08-29T12:27:40 UTC] [INFO] Creating lazy wrapper for function: plugin_security_status_advanced (Advanced Plugin Security Status)
[    2025-08-29T12:27:40 UTC] [INFO] Creating lazy wrapper for function: plugin_security_scan_all (Plugin Security Scanner)
[    2025-08-29T12:27:40 UTC] [INFO] Creating lazy wrapper for function: plugin_security_scan_all (Plugin Security Scanner)
[    2025-08-29T12:27:40 UTC] [INFO] Creating lazy wrapper for function: secure_ssh_restart_advanced (Advanced SSH Agent Security)
[    2025-08-29T12:27:40 UTC] [INFO] Creating lazy wrapper for function: plugin_security_update_registry (Plugin Registry Management)
[    2025-08-29T12:27:40 UTC] [INFO] Creating lazy wrapper for function: plugin_security_update_registry (Plugin Registry Management)
[    2025-08-29T12:27:40 UTC] [INFO] Creating lazy wrapper for function: secure_ssh_status (SSH Agent Status Functions)
[    2025-08-29T12:27:40 UTC] [INFO] Lazy loading framework initialized
[    2025-08-29T12:27:40 UTC] [INFO] Lazy loading framework initialized
[    2025-08-29T12:27:40 UTC] [INFO] Created lazy wrappers for heavy security modules
[    2025-08-29T12:27:40 UTC] [INFO] Creating lazy wrapper for function: plugin_security_status_advanced (Advanced Plugin Security Status)
[    2025-08-29T12:27:40 UTC] [INFO] Created lazy wrappers for heavy security modules
[    2025-08-29T12:27:40 UTC] [INFO] Creating lazy wrapper for function: secure_ssh_restart_advanced (Advanced SSH Agent Security)
[    2025-08-29T12:27:40 UTC] [INFO] Creating lazy wrapper for function: plugin_security_scan_all (Plugin Security Scanner)
[    2025-08-29T12:27:40 UTC] [INFO] Creating lazy wrapper for function: plugin_security_update_registry (Plugin Registry Management)
[    2025-08-29T12:27:40 UTC] [INFO] Creating lazy wrapper for function: secure_ssh_status (SSH Agent Status Functions)
[    2025-08-29T12:27:40 UTC] [INFO] Creating lazy wrapper for function: plugin_security_status_advanced (Advanced Plugin Security Status)
[    2025-08-29T12:27:40 UTC] [INFO] Lazy loading framework initialized
[    2025-08-29T12:27:41 UTC] [INFO] Creating lazy wrapper for function: secure_ssh_restart_advanced (Advanced SSH Agent Security)
[    2025-08-29T12:27:41 UTC] [INFO] Created lazy wrappers for heavy security modules
[    2025-08-29T12:27:41 UTC] [INFO] Creating lazy wrapper for function: plugin_security_scan_all (Plugin Security Scanner)
[    2025-08-29T12:27:41 UTC] [INFO] Creating lazy wrapper for function: secure_ssh_status (SSH Agent Status Functions)
[    2025-08-29T12:27:41 UTC] [INFO] Creating lazy wrapper for function: plugin_security_update_registry (Plugin Registry Management)
[    2025-08-29T12:27:41 UTC] [INFO] Creating lazy wrapper for function: plugin_security_status_advanced (Advanced Plugin Security Status)
[    2025-08-29T12:27:41 UTC] [INFO] Lazy loading framework initialized
[    2025-08-29T12:27:41 UTC] [INFO] Creating lazy wrapper for function: plugin_security_scan_all (Plugin Security Scanner)
[    2025-08-29T12:27:41 UTC] [INFO] Created lazy wrappers for heavy security modules
[    2025-08-29T12:27:41 UTC] [INFO] Creating lazy wrapper for function: plugin_security_update_registry (Plugin Registry Management)
[    2025-08-29T12:27:41 UTC] [INFO] Lazy loading framework initialized
[    2025-08-29T12:27:41 UTC] [INFO] Created lazy wrappers for heavy security modules
[    2025-08-29T12:28:16 UTC] [INFO] Creating lazy wrapper for function: secure_ssh_restart_advanced (Advanced SSH Agent Security)
[    2025-08-29T12:28:16 UTC] [INFO] Creating lazy wrapper for function: secure_ssh_status (SSH Agent Status Functions)
[    2025-08-29T12:28:16 UTC] [INFO] Creating lazy wrapper for function: plugin_security_status_advanced (Advanced Plugin Security Status)
[    2025-08-29T12:28:16 UTC] [INFO] Creating lazy wrapper for function: plugin_security_scan_all (Plugin Security Scanner)
[    2025-08-29T12:28:16 UTC] [INFO] Creating lazy wrapper for function: plugin_security_update_registry (Plugin Registry Management)
[    2025-08-29T12:28:16 UTC] [INFO] Lazy loading framework initialized
[    2025-08-29T12:28:16 UTC] [INFO] Created lazy wrappers for heavy security modules
[    2025-08-29T13:24:15 UTC] [INFO] Creating lazy wrapper for function: secure_ssh_restart_advanced (Advanced SSH Agent Security)
[    2025-08-29T13:24:15 UTC] [INFO] Creating lazy wrapper for function: secure_ssh_status (SSH Agent Status Functions)
[    2025-08-29T13:24:15 UTC] [INFO] Creating lazy wrapper for function: plugin_security_status_advanced (Advanced Plugin Security Status)
[    2025-08-29T13:24:15 UTC] [INFO] Creating lazy wrapper for function: plugin_security_scan_all (Plugin Security Scanner)
[    2025-08-29T13:24:15 UTC] [INFO] Creating lazy wrapper for function: plugin_security_update_registry (Plugin Registry Management)
[    2025-08-29T13:24:15 UTC] [INFO] Lazy loading framework initialized
[    2025-08-29T13:24:15 UTC] [INFO] Created lazy wrappers for heavy security modules
[    2025-08-29T13:48:18 UTC] [INFO] Creating lazy wrapper for function: secure_ssh_restart_advanced (Advanced SSH Agent Security)
[    2025-08-29T13:48:18 UTC] [INFO] Creating lazy wrapper for function: secure_ssh_status (SSH Agent Status Functions)
[    2025-08-29T13:48:18 UTC] [INFO] Creating lazy wrapper for function: plugin_security_status_advanced (Advanced Plugin Security Status)
[    2025-08-29T13:48:18 UTC] [INFO] Creating lazy wrapper for function: plugin_security_scan_all (Plugin Security Scanner)
[    2025-08-29T13:48:18 UTC] [INFO] Creating lazy wrapper for function: plugin_security_update_registry (Plugin Registry Management)
[    2025-08-29T13:48:18 UTC] [INFO] Lazy loading framework initialized
[    2025-08-29T13:48:18 UTC] [INFO] Created lazy wrappers for heavy security modules
