[    2025-09-01T11:43:33 UTC] [INFO] Creating lazy wrapper for function: secure_ssh_restart_advanced (Advanced SSH Agent Security)
[    2025-09-01T11:43:33 UTC] [INFO] Creating lazy wrapper for function: secure_ssh_status (SSH Agent Status Functions)
[    2025-09-01T11:43:33 UTC] [INFO] Creating lazy wrapper for function: plugin_security_status_advanced (Advanced Plugin Security Status)
[    2025-09-01T11:43:33 UTC] [INFO] Creating lazy wrapper for function: plugin_security_scan_all (Plugin Security Scanner)
[    2025-09-01T11:43:33 UTC] [INFO] Creating lazy wrapper for function: plugin_security_update_registry (Plugin Registry Management)
[    2025-09-01T11:43:33 UTC] [INFO] Lazy loading framework initialized
[    2025-09-01T11:43:33 UTC] [INFO] Created lazy wrappers for heavy security modules
[    2025-09-01T18:14:28 UTC] [INFO] Creating lazy wrapper for function: secure_ssh_restart_advanced (Advanced SSH Agent Security)
[    2025-09-01T18:14:28 UTC] [INFO] Creating lazy wrapper for function: secure_ssh_status (SSH Agent Status Functions)
[    2025-09-01T18:14:28 UTC] [INFO] Creating lazy wrapper for function: plugin_security_status_advanced (Advanced Plugin Security Status)
[    2025-09-01T18:14:28 UTC] [INFO] Creating lazy wrapper for function: plugin_security_scan_all (Plugin Security Scanner)
[    2025-09-01T18:14:28 UTC] [INFO] Creating lazy wrapper for function: plugin_security_update_registry (Plugin Registry Management)
[    2025-09-01T18:14:28 UTC] [INFO] Lazy loading framework initialized
[    2025-09-01T18:14:28 UTC] [INFO] Created lazy wrappers for heavy security modules
[    2025-09-01T19:33:07 UTC] [INFO] Creating lazy wrapper for function: secure_ssh_restart_advanced (Advanced SSH Agent Security)
[    2025-09-01T19:33:07 UTC] [INFO] Creating lazy wrapper for function: secure_ssh_status (SSH Agent Status Functions)
[    2025-09-01T19:33:07 UTC] [INFO] Creating lazy wrapper for function: plugin_security_status_advanced (Advanced Plugin Security Status)
[    2025-09-01T19:33:07 UTC] [INFO] Creating lazy wrapper for function: plugin_security_scan_all (Plugin Security Scanner)
[    2025-09-01T19:33:07 UTC] [INFO] Creating lazy wrapper for function: secure_ssh_restart_advanced (Advanced SSH Agent Security)
[    2025-09-01T19:33:07 UTC] [INFO] Creating lazy wrapper for function: plugin_security_update_registry (Plugin Registry Management)
[    2025-09-01T19:33:07 UTC] [INFO] Creating lazy wrapper for function: secure_ssh_status (SSH Agent Status Functions)
[    2025-09-01T19:33:07 UTC] [INFO] Lazy loading framework initialized
[    2025-09-01T19:33:07 UTC] [INFO] Creating lazy wrapper for function: plugin_security_status_advanced (Advanced Plugin Security Status)
[    2025-09-01T19:33:07 UTC] [INFO] Created lazy wrappers for heavy security modules
[    2025-09-01T19:33:07 UTC] [INFO] Creating lazy wrapper for function: plugin_security_scan_all (Plugin Security Scanner)
[    2025-09-01T19:33:07 UTC] [INFO] Creating lazy wrapper for function: plugin_security_update_registry (Plugin Registry Management)
[    2025-09-01T19:33:07 UTC] [INFO] Lazy loading framework initialized
[    2025-09-01T19:33:07 UTC] [INFO] Created lazy wrappers for heavy security modules
[    2025-09-01T19:33:07 UTC] [INFO] Creating lazy wrapper for function: secure_ssh_restart_advanced (Advanced SSH Agent Security)
[    2025-09-01T19:33:07 UTC] [INFO] Creating lazy wrapper for function: secure_ssh_status (SSH Agent Status Functions)
[    2025-09-01T19:33:07 UTC] [INFO] Creating lazy wrapper for function: plugin_security_status_advanced (Advanced Plugin Security Status)
[    2025-09-01T19:33:07 UTC] [INFO] Creating lazy wrapper for function: plugin_security_scan_all (Plugin Security Scanner)
[    2025-09-01T19:33:07 UTC] [INFO] Creating lazy wrapper for function: plugin_security_update_registry (Plugin Registry Management)
[    2025-09-01T19:33:07 UTC] [INFO] Lazy loading framework initialized
[    2025-09-01T19:33:07 UTC] [INFO] Created lazy wrappers for heavy security modules
