[    2025-08-30T23:59:23 UTC] [INFO] Creating lazy wrapper for function: secure_ssh_restart_advanced (Advanced SSH Agent Security)
[    2025-08-30T23:59:23 UTC] [INFO] Creating lazy wrapper for function: secure_ssh_status (SSH Agent Status Functions)
[    2025-08-30T23:59:23 UTC] [INFO] Creating lazy wrapper for function: plugin_security_status_advanced (Advanced Plugin Security Status)
[    2025-08-30T23:59:23 UTC] [INFO] Creating lazy wrapper for function: plugin_security_scan_all (Plugin Security Scanner)
[    2025-08-30T23:59:23 UTC] [INFO] Creating lazy wrapper for function: plugin_security_update_registry (Plugin Registry Management)
[    2025-08-30T23:59:23 UTC] [INFO] Lazy loading framework initialized
[    2025-08-30T23:59:23 UTC] [INFO] Created lazy wrappers for heavy security modules
[    2025-08-31T00:01:40 UTC] [INFO] Creating lazy wrapper for function: secure_ssh_restart_advanced (Advanced SSH Agent Security)
[    2025-08-31T00:01:40 UTC] [INFO] Creating lazy wrapper for function: secure_ssh_status (SSH Agent Status Functions)
[    2025-08-31T00:01:40 UTC] [INFO] Creating lazy wrapper for function: plugin_security_status_advanced (Advanced Plugin Security Status)
[    2025-08-31T00:01:40 UTC] [INFO] Creating lazy wrapper for function: plugin_security_scan_all (Plugin Security Scanner)
[    2025-08-31T00:01:40 UTC] [INFO] Creating lazy wrapper for function: plugin_security_update_registry (Plugin Registry Management)
[    2025-08-31T00:01:40 UTC] [INFO] Lazy loading framework initialized
[    2025-08-31T00:01:40 UTC] [INFO] Created lazy wrappers for heavy security modules
[    2025-08-31T04:26:43 UTC] [INFO] Creating lazy wrapper for function: secure_ssh_restart_advanced (Advanced SSH Agent Security)
[    2025-08-31T04:26:43 UTC] [INFO] Creating lazy wrapper for function: secure_ssh_status (SSH Agent Status Functions)
[    2025-08-31T04:26:43 UTC] [INFO] Creating lazy wrapper for function: plugin_security_status_advanced (Advanced Plugin Security Status)
[    2025-08-31T04:26:43 UTC] [INFO] Creating lazy wrapper for function: plugin_security_scan_all (Plugin Security Scanner)
[    2025-08-31T04:26:43 UTC] [INFO] Creating lazy wrapper for function: plugin_security_update_registry (Plugin Registry Management)
[    2025-08-31T04:26:43 UTC] [INFO] Lazy loading framework initialized
[    2025-08-31T04:26:43 UTC] [INFO] Created lazy wrappers for heavy security modules
[    2025-08-31T04:26:44 UTC] [INFO] Creating lazy wrapper for function: secure_ssh_restart_advanced (Advanced SSH Agent Security)
[    2025-08-31T04:26:44 UTC] [INFO] Creating lazy wrapper for function: secure_ssh_status (SSH Agent Status Functions)
[    2025-08-31T04:26:44 UTC] [INFO] Creating lazy wrapper for function: plugin_security_status_advanced (Advanced Plugin Security Status)
[    2025-08-31T04:26:44 UTC] [INFO] Creating lazy wrapper for function: plugin_security_scan_all (Plugin Security Scanner)
[    2025-08-31T04:26:44 UTC] [INFO] Creating lazy wrapper for function: plugin_security_update_registry (Plugin Registry Management)
[    2025-08-31T04:26:44 UTC] [INFO] Lazy loading framework initialized
[    2025-08-31T04:26:44 UTC] [INFO] Created lazy wrappers for heavy security modules
[    2025-08-31T04:31:56 UTC] [INFO] Creating lazy wrapper for function: secure_ssh_restart_advanced (Advanced SSH Agent Security)
[    2025-08-31T04:31:56 UTC] [INFO] Creating lazy wrapper for function: secure_ssh_status (SSH Agent Status Functions)
[    2025-08-31T04:31:56 UTC] [INFO] Creating lazy wrapper for function: plugin_security_status_advanced (Advanced Plugin Security Status)
[    2025-08-31T04:31:56 UTC] [INFO] Creating lazy wrapper for function: plugin_security_scan_all (Plugin Security Scanner)
[    2025-08-31T04:31:56 UTC] [INFO] Creating lazy wrapper for function: plugin_security_update_registry (Plugin Registry Management)
[    2025-08-31T04:31:56 UTC] [INFO] Lazy loading framework initialized
[    2025-08-31T04:31:57 UTC] [INFO] Created lazy wrappers for heavy security modules
[    2025-08-31T04:57:54 UTC] [INFO] Creating lazy wrapper for function: secure_ssh_restart_advanced (Advanced SSH Agent Security)
[    2025-08-31T04:57:54 UTC] [INFO] Creating lazy wrapper for function: secure_ssh_status (SSH Agent Status Functions)
[    2025-08-31T04:57:54 UTC] [INFO] Creating lazy wrapper for function: plugin_security_status_advanced (Advanced Plugin Security Status)
[    2025-08-31T04:57:54 UTC] [INFO] Creating lazy wrapper for function: plugin_security_scan_all (Plugin Security Scanner)
[    2025-08-31T04:57:54 UTC] [INFO] Creating lazy wrapper for function: plugin_security_update_registry (Plugin Registry Management)
[    2025-08-31T04:57:54 UTC] [INFO] Lazy loading framework initialized
[    2025-08-31T04:57:54 UTC] [INFO] Created lazy wrappers for heavy security modules
[    2025-08-31T06:24:33 UTC] [INFO] Creating lazy wrapper for function: secure_ssh_restart_advanced (Advanced SSH Agent Security)
[    2025-08-31T06:24:33 UTC] [INFO] Creating lazy wrapper for function: secure_ssh_status (SSH Agent Status Functions)
[    2025-08-31T06:24:33 UTC] [INFO] Creating lazy wrapper for function: plugin_security_status_advanced (Advanced Plugin Security Status)
[    2025-08-31T06:24:33 UTC] [INFO] Creating lazy wrapper for function: plugin_security_scan_all (Plugin Security Scanner)
[    2025-08-31T06:24:33 UTC] [INFO] Creating lazy wrapper for function: plugin_security_update_registry (Plugin Registry Management)
[    2025-08-31T06:24:33 UTC] [INFO] Lazy loading framework initialized
[    2025-08-31T06:24:33 UTC] [INFO] Created lazy wrappers for heavy security modules
[    2025-08-31T06:24:41 UTC] [INFO] Creating lazy wrapper for function: secure_ssh_restart_advanced (Advanced SSH Agent Security)
[    2025-08-31T06:24:41 UTC] [INFO] Creating lazy wrapper for function: secure_ssh_status (SSH Agent Status Functions)
[    2025-08-31T06:24:41 UTC] [INFO] Creating lazy wrapper for function: plugin_security_status_advanced (Advanced Plugin Security Status)
[    2025-08-31T06:24:41 UTC] [INFO] Creating lazy wrapper for function: plugin_security_scan_all (Plugin Security Scanner)
[    2025-08-31T06:24:41 UTC] [INFO] Creating lazy wrapper for function: plugin_security_update_registry (Plugin Registry Management)
[    2025-08-31T06:24:41 UTC] [INFO] Lazy loading framework initialized
[    2025-08-31T06:24:41 UTC] [INFO] Created lazy wrappers for heavy security modules
[    2025-08-31T06:24:47 UTC] [INFO] Creating lazy wrapper for function: secure_ssh_restart_advanced (Advanced SSH Agent Security)
[    2025-08-31T06:24:47 UTC] [INFO] Creating lazy wrapper for function: secure_ssh_status (SSH Agent Status Functions)
[    2025-08-31T06:24:47 UTC] [INFO] Creating lazy wrapper for function: plugin_security_status_advanced (Advanced Plugin Security Status)
[    2025-08-31T06:24:47 UTC] [INFO] Creating lazy wrapper for function: plugin_security_scan_all (Plugin Security Scanner)
[    2025-08-31T06:24:47 UTC] [INFO] Creating lazy wrapper for function: plugin_security_update_registry (Plugin Registry Management)
[    2025-08-31T06:24:47 UTC] [INFO] Lazy loading framework initialized
[    2025-08-31T06:24:47 UTC] [INFO] Created lazy wrappers for heavy security modules
[    2025-08-31T06:24:52 UTC] [INFO] Creating lazy wrapper for function: secure_ssh_restart_advanced (Advanced SSH Agent Security)
[    2025-08-31T06:24:52 UTC] [INFO] Creating lazy wrapper for function: secure_ssh_status (SSH Agent Status Functions)
[    2025-08-31T06:24:52 UTC] [INFO] Creating lazy wrapper for function: plugin_security_status_advanced (Advanced Plugin Security Status)
[    2025-08-31T06:24:52 UTC] [INFO] Creating lazy wrapper for function: plugin_security_scan_all (Plugin Security Scanner)
[    2025-08-31T06:24:52 UTC] [INFO] Creating lazy wrapper for function: plugin_security_update_registry (Plugin Registry Management)
[    2025-08-31T06:24:52 UTC] [INFO] Lazy loading framework initialized
[    2025-08-31T06:24:52 UTC] [INFO] Created lazy wrappers for heavy security modules
[    2025-08-31T06:24:57 UTC] [INFO] Creating lazy wrapper for function: secure_ssh_restart_advanced (Advanced SSH Agent Security)
[    2025-08-31T06:24:57 UTC] [INFO] Creating lazy wrapper for function: secure_ssh_status (SSH Agent Status Functions)
[    2025-08-31T06:24:57 UTC] [INFO] Creating lazy wrapper for function: plugin_security_status_advanced (Advanced Plugin Security Status)
[    2025-08-31T06:24:57 UTC] [INFO] Creating lazy wrapper for function: plugin_security_scan_all (Plugin Security Scanner)
[    2025-08-31T06:24:57 UTC] [INFO] Creating lazy wrapper for function: plugin_security_update_registry (Plugin Registry Management)
[    2025-08-31T06:24:57 UTC] [INFO] Lazy loading framework initialized
[    2025-08-31T06:24:57 UTC] [INFO] Created lazy wrappers for heavy security modules
[    2025-08-31T06:25:01 UTC] [INFO] Creating lazy wrapper for function: secure_ssh_restart_advanced (Advanced SSH Agent Security)
[    2025-08-31T06:25:01 UTC] [INFO] Creating lazy wrapper for function: secure_ssh_status (SSH Agent Status Functions)
[    2025-08-31T06:25:01 UTC] [INFO] Creating lazy wrapper for function: plugin_security_status_advanced (Advanced Plugin Security Status)
[    2025-08-31T06:25:01 UTC] [INFO] Creating lazy wrapper for function: plugin_security_scan_all (Plugin Security Scanner)
[    2025-08-31T06:25:01 UTC] [INFO] Creating lazy wrapper for function: plugin_security_update_registry (Plugin Registry Management)
[    2025-08-31T06:25:01 UTC] [INFO] Lazy loading framework initialized
[    2025-08-31T06:25:01 UTC] [INFO] Created lazy wrappers for heavy security modules
[    2025-08-31T06:25:06 UTC] [INFO] Creating lazy wrapper for function: secure_ssh_restart_advanced (Advanced SSH Agent Security)
[    2025-08-31T06:25:06 UTC] [INFO] Creating lazy wrapper for function: secure_ssh_status (SSH Agent Status Functions)
[    2025-08-31T06:25:06 UTC] [INFO] Creating lazy wrapper for function: plugin_security_status_advanced (Advanced Plugin Security Status)
[    2025-08-31T06:25:06 UTC] [INFO] Creating lazy wrapper for function: plugin_security_scan_all (Plugin Security Scanner)
[    2025-08-31T06:25:06 UTC] [INFO] Creating lazy wrapper for function: plugin_security_update_registry (Plugin Registry Management)
[    2025-08-31T06:25:06 UTC] [INFO] Lazy loading framework initialized
[    2025-08-31T06:25:06 UTC] [INFO] Created lazy wrappers for heavy security modules
[    2025-08-31T06:25:11 UTC] [INFO] Creating lazy wrapper for function: secure_ssh_restart_advanced (Advanced SSH Agent Security)
[    2025-08-31T06:25:11 UTC] [INFO] Creating lazy wrapper for function: secure_ssh_status (SSH Agent Status Functions)
[    2025-08-31T06:25:11 UTC] [INFO] Creating lazy wrapper for function: plugin_security_status_advanced (Advanced Plugin Security Status)
[    2025-08-31T06:25:11 UTC] [INFO] Creating lazy wrapper for function: plugin_security_scan_all (Plugin Security Scanner)
[    2025-08-31T06:25:11 UTC] [INFO] Creating lazy wrapper for function: plugin_security_update_registry (Plugin Registry Management)
[    2025-08-31T06:25:11 UTC] [INFO] Lazy loading framework initialized
[    2025-08-31T06:25:11 UTC] [INFO] Created lazy wrappers for heavy security modules
[    2025-08-31T06:25:15 UTC] [INFO] Creating lazy wrapper for function: secure_ssh_restart_advanced (Advanced SSH Agent Security)
[    2025-08-31T06:25:15 UTC] [INFO] Creating lazy wrapper for function: secure_ssh_status (SSH Agent Status Functions)
[    2025-08-31T06:25:15 UTC] [INFO] Creating lazy wrapper for function: plugin_security_status_advanced (Advanced Plugin Security Status)
[    2025-08-31T06:25:15 UTC] [INFO] Creating lazy wrapper for function: plugin_security_scan_all (Plugin Security Scanner)
[    2025-08-31T06:25:16 UTC] [INFO] Creating lazy wrapper for function: plugin_security_update_registry (Plugin Registry Management)
[    2025-08-31T06:25:16 UTC] [INFO] Lazy loading framework initialized
[    2025-08-31T06:25:16 UTC] [INFO] Created lazy wrappers for heavy security modules
[    2025-08-31T06:25:21 UTC] [INFO] Creating lazy wrapper for function: secure_ssh_restart_advanced (Advanced SSH Agent Security)
[    2025-08-31T06:25:21 UTC] [INFO] Creating lazy wrapper for function: secure_ssh_status (SSH Agent Status Functions)
[    2025-08-31T06:25:21 UTC] [INFO] Creating lazy wrapper for function: plugin_security_status_advanced (Advanced Plugin Security Status)
[    2025-08-31T06:25:21 UTC] [INFO] Creating lazy wrapper for function: plugin_security_scan_all (Plugin Security Scanner)
[    2025-08-31T06:25:21 UTC] [INFO] Creating lazy wrapper for function: plugin_security_update_registry (Plugin Registry Management)
[    2025-08-31T06:25:21 UTC] [INFO] Lazy loading framework initialized
[    2025-08-31T06:25:21 UTC] [INFO] Created lazy wrappers for heavy security modules
[    2025-08-31T06:59:39 UTC] [INFO] Creating lazy wrapper for function: secure_ssh_restart_advanced (Advanced SSH Agent Security)
[    2025-08-31T06:59:39 UTC] [INFO] Creating lazy wrapper for function: secure_ssh_status (SSH Agent Status Functions)
[    2025-08-31T06:59:39 UTC] [INFO] Creating lazy wrapper for function: plugin_security_status_advanced (Advanced Plugin Security Status)
[    2025-08-31T06:59:39 UTC] [INFO] Creating lazy wrapper for function: plugin_security_scan_all (Plugin Security Scanner)
[    2025-08-31T06:59:39 UTC] [INFO] Creating lazy wrapper for function: plugin_security_update_registry (Plugin Registry Management)
[    2025-08-31T06:59:39 UTC] [INFO] Lazy loading framework initialized
[    2025-08-31T06:59:39 UTC] [INFO] Created lazy wrappers for heavy security modules
[    2025-08-31T07:00:26 UTC] [INFO] Creating lazy wrapper for function: secure_ssh_restart_advanced (Advanced SSH Agent Security)
[    2025-08-31T07:00:26 UTC] [INFO] Creating lazy wrapper for function: secure_ssh_status (SSH Agent Status Functions)
[    2025-08-31T07:00:26 UTC] [INFO] Creating lazy wrapper for function: plugin_security_status_advanced (Advanced Plugin Security Status)
[    2025-08-31T07:00:26 UTC] [INFO] Creating lazy wrapper for function: plugin_security_scan_all (Plugin Security Scanner)
[    2025-08-31T07:00:26 UTC] [INFO] Creating lazy wrapper for function: plugin_security_update_registry (Plugin Registry Management)
[    2025-08-31T07:00:26 UTC] [INFO] Lazy loading framework initialized
[    2025-08-31T07:00:26 UTC] [INFO] Created lazy wrappers for heavy security modules
[    2025-08-31T07:00:41 UTC] [INFO] Creating lazy wrapper for function: secure_ssh_restart_advanced (Advanced SSH Agent Security)
[    2025-08-31T07:00:41 UTC] [INFO] Creating lazy wrapper for function: secure_ssh_status (SSH Agent Status Functions)
[    2025-08-31T07:00:41 UTC] [INFO] Creating lazy wrapper for function: plugin_security_status_advanced (Advanced Plugin Security Status)
[    2025-08-31T07:00:41 UTC] [INFO] Creating lazy wrapper for function: plugin_security_scan_all (Plugin Security Scanner)
[    2025-08-31T07:00:41 UTC] [INFO] Creating lazy wrapper for function: plugin_security_update_registry (Plugin Registry Management)
[    2025-08-31T07:00:41 UTC] [INFO] Lazy loading framework initialized
[    2025-08-31T07:00:41 UTC] [INFO] Created lazy wrappers for heavy security modules
[    2025-08-31T07:00:47 UTC] [INFO] Creating lazy wrapper for function: secure_ssh_restart_advanced (Advanced SSH Agent Security)
[    2025-08-31T07:00:47 UTC] [INFO] Creating lazy wrapper for function: secure_ssh_status (SSH Agent Status Functions)
[    2025-08-31T07:00:47 UTC] [INFO] Creating lazy wrapper for function: plugin_security_status_advanced (Advanced Plugin Security Status)
[    2025-08-31T07:00:47 UTC] [INFO] Creating lazy wrapper for function: plugin_security_scan_all (Plugin Security Scanner)
[    2025-08-31T07:00:47 UTC] [INFO] Creating lazy wrapper for function: plugin_security_update_registry (Plugin Registry Management)
[    2025-08-31T07:00:47 UTC] [INFO] Lazy loading framework initialized
[    2025-08-31T07:00:47 UTC] [INFO] Created lazy wrappers for heavy security modules
[    2025-08-31T07:00:52 UTC] [INFO] Creating lazy wrapper for function: secure_ssh_restart_advanced (Advanced SSH Agent Security)
[    2025-08-31T07:00:52 UTC] [INFO] Creating lazy wrapper for function: secure_ssh_status (SSH Agent Status Functions)
[    2025-08-31T07:00:52 UTC] [INFO] Creating lazy wrapper for function: plugin_security_status_advanced (Advanced Plugin Security Status)
[    2025-08-31T07:00:52 UTC] [INFO] Creating lazy wrapper for function: plugin_security_scan_all (Plugin Security Scanner)
[    2025-08-31T07:00:52 UTC] [INFO] Creating lazy wrapper for function: plugin_security_update_registry (Plugin Registry Management)
[    2025-08-31T07:00:52 UTC] [INFO] Lazy loading framework initialized
[    2025-08-31T07:00:52 UTC] [INFO] Created lazy wrappers for heavy security modules
[    2025-08-31T07:00:59 UTC] [INFO] Creating lazy wrapper for function: secure_ssh_restart_advanced (Advanced SSH Agent Security)
[    2025-08-31T07:00:59 UTC] [INFO] Creating lazy wrapper for function: secure_ssh_status (SSH Agent Status Functions)
[    2025-08-31T07:00:59 UTC] [INFO] Creating lazy wrapper for function: plugin_security_status_advanced (Advanced Plugin Security Status)
[    2025-08-31T07:00:59 UTC] [INFO] Creating lazy wrapper for function: plugin_security_scan_all (Plugin Security Scanner)
[    2025-08-31T07:00:59 UTC] [INFO] Creating lazy wrapper for function: plugin_security_update_registry (Plugin Registry Management)
[    2025-08-31T07:00:59 UTC] [INFO] Lazy loading framework initialized
[    2025-08-31T07:00:59 UTC] [INFO] Created lazy wrappers for heavy security modules
[    2025-08-31T07:01:06 UTC] [INFO] Creating lazy wrapper for function: secure_ssh_restart_advanced (Advanced SSH Agent Security)
[    2025-08-31T07:01:06 UTC] [INFO] Creating lazy wrapper for function: secure_ssh_status (SSH Agent Status Functions)
[    2025-08-31T07:01:06 UTC] [INFO] Creating lazy wrapper for function: plugin_security_status_advanced (Advanced Plugin Security Status)
[    2025-08-31T07:01:06 UTC] [INFO] Creating lazy wrapper for function: plugin_security_scan_all (Plugin Security Scanner)
[    2025-08-31T07:01:06 UTC] [INFO] Creating lazy wrapper for function: plugin_security_update_registry (Plugin Registry Management)
[    2025-08-31T07:01:06 UTC] [INFO] Lazy loading framework initialized
[    2025-08-31T07:01:06 UTC] [INFO] Created lazy wrappers for heavy security modules
[    2025-08-31T07:01:11 UTC] [INFO] Creating lazy wrapper for function: secure_ssh_restart_advanced (Advanced SSH Agent Security)
[    2025-08-31T07:01:11 UTC] [INFO] Creating lazy wrapper for function: secure_ssh_status (SSH Agent Status Functions)
[    2025-08-31T07:01:11 UTC] [INFO] Creating lazy wrapper for function: plugin_security_status_advanced (Advanced Plugin Security Status)
[    2025-08-31T07:01:11 UTC] [INFO] Creating lazy wrapper for function: plugin_security_scan_all (Plugin Security Scanner)
[    2025-08-31T07:01:11 UTC] [INFO] Creating lazy wrapper for function: plugin_security_update_registry (Plugin Registry Management)
[    2025-08-31T07:01:11 UTC] [INFO] Lazy loading framework initialized
[    2025-08-31T07:01:11 UTC] [INFO] Created lazy wrappers for heavy security modules
[    2025-08-31T07:01:16 UTC] [INFO] Creating lazy wrapper for function: secure_ssh_restart_advanced (Advanced SSH Agent Security)
[    2025-08-31T07:01:16 UTC] [INFO] Creating lazy wrapper for function: secure_ssh_status (SSH Agent Status Functions)
[    2025-08-31T07:01:16 UTC] [INFO] Creating lazy wrapper for function: plugin_security_status_advanced (Advanced Plugin Security Status)
[    2025-08-31T07:01:16 UTC] [INFO] Creating lazy wrapper for function: plugin_security_scan_all (Plugin Security Scanner)
[    2025-08-31T07:01:16 UTC] [INFO] Creating lazy wrapper for function: plugin_security_update_registry (Plugin Registry Management)
[    2025-08-31T07:01:16 UTC] [INFO] Lazy loading framework initialized
[    2025-08-31T07:01:16 UTC] [INFO] Created lazy wrappers for heavy security modules
[    2025-08-31T07:01:23 UTC] [INFO] Creating lazy wrapper for function: secure_ssh_restart_advanced (Advanced SSH Agent Security)
[    2025-08-31T07:01:23 UTC] [INFO] Creating lazy wrapper for function: secure_ssh_status (SSH Agent Status Functions)
[    2025-08-31T07:01:23 UTC] [INFO] Creating lazy wrapper for function: plugin_security_status_advanced (Advanced Plugin Security Status)
[    2025-08-31T07:01:23 UTC] [INFO] Creating lazy wrapper for function: plugin_security_scan_all (Plugin Security Scanner)
[    2025-08-31T07:01:23 UTC] [INFO] Creating lazy wrapper for function: plugin_security_update_registry (Plugin Registry Management)
[    2025-08-31T07:01:23 UTC] [INFO] Lazy loading framework initialized
[    2025-08-31T07:01:23 UTC] [INFO] Created lazy wrappers for heavy security modules
[    2025-08-31T08:44:11 UTC] [INFO] Creating lazy wrapper for function: secure_ssh_restart_advanced (Advanced SSH Agent Security)
[    2025-08-31T08:44:11 UTC] [INFO] Creating lazy wrapper for function: secure_ssh_status (SSH Agent Status Functions)
[    2025-08-31T08:44:11 UTC] [INFO] Creating lazy wrapper for function: plugin_security_status_advanced (Advanced Plugin Security Status)
[    2025-08-31T08:44:11 UTC] [INFO] Creating lazy wrapper for function: plugin_security_scan_all (Plugin Security Scanner)
[    2025-08-31T08:44:11 UTC] [INFO] Creating lazy wrapper for function: plugin_security_update_registry (Plugin Registry Management)
[    2025-08-31T08:44:11 UTC] [INFO] Lazy loading framework initialized
[    2025-08-31T08:44:11 UTC] [INFO] Created lazy wrappers for heavy security modules
[    2025-08-31T08:44:24 UTC] [INFO] Creating lazy wrapper for function: secure_ssh_restart_advanced (Advanced SSH Agent Security)
[    2025-08-31T08:44:24 UTC] [INFO] Creating lazy wrapper for function: secure_ssh_status (SSH Agent Status Functions)
[    2025-08-31T08:44:24 UTC] [INFO] Creating lazy wrapper for function: plugin_security_status_advanced (Advanced Plugin Security Status)
[    2025-08-31T08:44:24 UTC] [INFO] Creating lazy wrapper for function: plugin_security_scan_all (Plugin Security Scanner)
[    2025-08-31T08:44:24 UTC] [INFO] Creating lazy wrapper for function: plugin_security_update_registry (Plugin Registry Management)
[    2025-08-31T08:44:24 UTC] [INFO] Lazy loading framework initialized
[    2025-08-31T08:44:24 UTC] [INFO] Created lazy wrappers for heavy security modules
[    2025-08-31T08:44:27 UTC] [INFO] Creating lazy wrapper for function: secure_ssh_restart_advanced (Advanced SSH Agent Security)
[    2025-08-31T08:44:27 UTC] [INFO] Creating lazy wrapper for function: secure_ssh_status (SSH Agent Status Functions)
[    2025-08-31T08:44:27 UTC] [INFO] Creating lazy wrapper for function: plugin_security_status_advanced (Advanced Plugin Security Status)
[    2025-08-31T08:44:27 UTC] [INFO] Creating lazy wrapper for function: plugin_security_scan_all (Plugin Security Scanner)
[    2025-08-31T08:44:27 UTC] [INFO] Creating lazy wrapper for function: plugin_security_update_registry (Plugin Registry Management)
[    2025-08-31T08:44:27 UTC] [INFO] Lazy loading framework initialized
[    2025-08-31T08:44:27 UTC] [INFO] Created lazy wrappers for heavy security modules
[    2025-08-31T08:44:31 UTC] [INFO] Creating lazy wrapper for function: secure_ssh_restart_advanced (Advanced SSH Agent Security)
[    2025-08-31T08:44:32 UTC] [INFO] Creating lazy wrapper for function: secure_ssh_status (SSH Agent Status Functions)
[    2025-08-31T08:44:32 UTC] [INFO] Creating lazy wrapper for function: plugin_security_status_advanced (Advanced Plugin Security Status)
[    2025-08-31T08:44:33 UTC] [INFO] Creating lazy wrapper for function: plugin_security_scan_all (Plugin Security Scanner)
[    2025-08-31T08:44:33 UTC] [INFO] Creating lazy wrapper for function: plugin_security_update_registry (Plugin Registry Management)
[    2025-08-31T08:44:35 UTC] [INFO] Lazy loading framework initialized
[    2025-08-31T08:44:35 UTC] [INFO] Created lazy wrappers for heavy security modules
[    2025-08-31T08:44:36 UTC] [INFO] Creating lazy wrapper for function: secure_ssh_restart_advanced (Advanced SSH Agent Security)
[    2025-08-31T08:44:37 UTC] [INFO] Creating lazy wrapper for function: secure_ssh_status (SSH Agent Status Functions)
[    2025-08-31T08:44:38 UTC] [INFO] Creating lazy wrapper for function: plugin_security_status_advanced (Advanced Plugin Security Status)
[    2025-08-31T08:44:38 UTC] [INFO] Creating lazy wrapper for function: plugin_security_scan_all (Plugin Security Scanner)
[    2025-08-31T08:44:38 UTC] [INFO] Creating lazy wrapper for function: plugin_security_update_registry (Plugin Registry Management)
[    2025-08-31T08:44:40 UTC] [INFO] Lazy loading framework initialized
[    2025-08-31T08:44:40 UTC] [INFO] Created lazy wrappers for heavy security modules
[    2025-08-31T08:44:46 UTC] [INFO] Creating lazy wrapper for function: secure_ssh_restart_advanced (Advanced SSH Agent Security)
[    2025-08-31T08:44:46 UTC] [INFO] Creating lazy wrapper for function: secure_ssh_status (SSH Agent Status Functions)
[    2025-08-31T08:44:46 UTC] [INFO] Creating lazy wrapper for function: plugin_security_status_advanced (Advanced Plugin Security Status)
[    2025-08-31T08:44:46 UTC] [INFO] Creating lazy wrapper for function: plugin_security_scan_all (Plugin Security Scanner)
[    2025-08-31T08:44:46 UTC] [INFO] Creating lazy wrapper for function: plugin_security_update_registry (Plugin Registry Management)
[    2025-08-31T08:44:46 UTC] [INFO] Lazy loading framework initialized
[    2025-08-31T08:44:46 UTC] [INFO] Created lazy wrappers for heavy security modules
[    2025-08-31T08:45:39 UTC] [INFO] Creating lazy wrapper for function: secure_ssh_restart_advanced (Advanced SSH Agent Security)
[    2025-08-31T08:45:39 UTC] [INFO] Creating lazy wrapper for function: secure_ssh_status (SSH Agent Status Functions)
[    2025-08-31T08:45:39 UTC] [INFO] Creating lazy wrapper for function: plugin_security_status_advanced (Advanced Plugin Security Status)
[    2025-08-31T08:45:39 UTC] [INFO] Creating lazy wrapper for function: plugin_security_scan_all (Plugin Security Scanner)
[    2025-08-31T08:45:39 UTC] [INFO] Creating lazy wrapper for function: plugin_security_update_registry (Plugin Registry Management)
[    2025-08-31T08:45:39 UTC] [INFO] Lazy loading framework initialized
[    2025-08-31T08:45:39 UTC] [INFO] Created lazy wrappers for heavy security modules
[    2025-08-31T08:45:58 UTC] [INFO] Creating lazy wrapper for function: secure_ssh_restart_advanced (Advanced SSH Agent Security)
[    2025-08-31T08:45:58 UTC] [INFO] Creating lazy wrapper for function: secure_ssh_status (SSH Agent Status Functions)
[    2025-08-31T08:45:58 UTC] [INFO] Creating lazy wrapper for function: plugin_security_status_advanced (Advanced Plugin Security Status)
[    2025-08-31T08:45:58 UTC] [INFO] Creating lazy wrapper for function: plugin_security_scan_all (Plugin Security Scanner)
[    2025-08-31T08:45:58 UTC] [INFO] Creating lazy wrapper for function: plugin_security_update_registry (Plugin Registry Management)
[    2025-08-31T08:45:58 UTC] [INFO] Lazy loading framework initialized
[    2025-08-31T08:45:58 UTC] [INFO] Created lazy wrappers for heavy security modules
[    2025-08-31T08:46:10 UTC] [INFO] Creating lazy wrapper for function: secure_ssh_restart_advanced (Advanced SSH Agent Security)
[    2025-08-31T08:46:10 UTC] [INFO] Creating lazy wrapper for function: secure_ssh_status (SSH Agent Status Functions)
[    2025-08-31T08:46:10 UTC] [INFO] Creating lazy wrapper for function: plugin_security_status_advanced (Advanced Plugin Security Status)
[    2025-08-31T08:46:10 UTC] [INFO] Creating lazy wrapper for function: plugin_security_scan_all (Plugin Security Scanner)
[    2025-08-31T08:46:10 UTC] [INFO] Creating lazy wrapper for function: plugin_security_update_registry (Plugin Registry Management)
[    2025-08-31T08:46:10 UTC] [INFO] Lazy loading framework initialized
[    2025-08-31T08:46:10 UTC] [INFO] Created lazy wrappers for heavy security modules
[    2025-08-31T08:46:44 UTC] [INFO] Creating lazy wrapper for function: secure_ssh_restart_advanced (Advanced SSH Agent Security)
[    2025-08-31T08:46:44 UTC] [INFO] Creating lazy wrapper for function: secure_ssh_status (SSH Agent Status Functions)
[    2025-08-31T08:46:44 UTC] [INFO] Creating lazy wrapper for function: plugin_security_status_advanced (Advanced Plugin Security Status)
[    2025-08-31T08:46:44 UTC] [INFO] Creating lazy wrapper for function: plugin_security_scan_all (Plugin Security Scanner)
[    2025-08-31T08:46:44 UTC] [INFO] Creating lazy wrapper for function: plugin_security_update_registry (Plugin Registry Management)
[    2025-08-31T08:46:44 UTC] [INFO] Lazy loading framework initialized
[    2025-08-31T08:46:44 UTC] [INFO] Created lazy wrappers for heavy security modules
[    2025-08-31T08:51:48 UTC] [INFO] Creating lazy wrapper for function: secure_ssh_restart_advanced (Advanced SSH Agent Security)
[    2025-08-31T08:51:48 UTC] [INFO] Creating lazy wrapper for function: secure_ssh_status (SSH Agent Status Functions)
[    2025-08-31T08:51:48 UTC] [INFO] Creating lazy wrapper for function: plugin_security_status_advanced (Advanced Plugin Security Status)
[    2025-08-31T08:51:48 UTC] [INFO] Creating lazy wrapper for function: plugin_security_scan_all (Plugin Security Scanner)
[    2025-08-31T08:51:48 UTC] [INFO] Creating lazy wrapper for function: plugin_security_update_registry (Plugin Registry Management)
[    2025-08-31T08:51:48 UTC] [INFO] Lazy loading framework initialized
[    2025-08-31T08:51:48 UTC] [INFO] Created lazy wrappers for heavy security modules
[    2025-08-31T09:05:18 UTC] [INFO] Creating lazy wrapper for function: secure_ssh_restart_advanced (Advanced SSH Agent Security)
[    2025-08-31T09:05:18 UTC] [INFO] Creating lazy wrapper for function: secure_ssh_status (SSH Agent Status Functions)
[    2025-08-31T09:05:18 UTC] [INFO] Creating lazy wrapper for function: plugin_security_status_advanced (Advanced Plugin Security Status)
[    2025-08-31T09:05:18 UTC] [INFO] Creating lazy wrapper for function: plugin_security_scan_all (Plugin Security Scanner)
[    2025-08-31T09:05:18 UTC] [INFO] Creating lazy wrapper for function: plugin_security_update_registry (Plugin Registry Management)
[    2025-08-31T09:05:18 UTC] [INFO] Lazy loading framework initialized
[    2025-08-31T09:05:18 UTC] [INFO] Created lazy wrappers for heavy security modules
[    2025-08-31T09:09:07 UTC] [INFO] Creating lazy wrapper for function: secure_ssh_restart_advanced (Advanced SSH Agent Security)
[    2025-08-31T09:09:07 UTC] [INFO] Creating lazy wrapper for function: secure_ssh_status (SSH Agent Status Functions)
[    2025-08-31T09:09:07 UTC] [INFO] Creating lazy wrapper for function: plugin_security_status_advanced (Advanced Plugin Security Status)
[    2025-08-31T09:09:07 UTC] [INFO] Creating lazy wrapper for function: plugin_security_scan_all (Plugin Security Scanner)
[    2025-08-31T09:09:07 UTC] [INFO] Creating lazy wrapper for function: plugin_security_update_registry (Plugin Registry Management)
[    2025-08-31T09:09:07 UTC] [INFO] Lazy loading framework initialized
[    2025-08-31T09:09:07 UTC] [INFO] Created lazy wrappers for heavy security modules
[    2025-08-31T09:14:46 UTC] [INFO] Creating lazy wrapper for function: secure_ssh_restart_advanced (Advanced SSH Agent Security)
[    2025-08-31T09:14:46 UTC] [INFO] Creating lazy wrapper for function: secure_ssh_status (SSH Agent Status Functions)
[    2025-08-31T09:14:46 UTC] [INFO] Creating lazy wrapper for function: plugin_security_status_advanced (Advanced Plugin Security Status)
[    2025-08-31T09:14:46 UTC] [INFO] Creating lazy wrapper for function: plugin_security_scan_all (Plugin Security Scanner)
[    2025-08-31T09:14:46 UTC] [INFO] Creating lazy wrapper for function: plugin_security_update_registry (Plugin Registry Management)
[    2025-08-31T09:14:46 UTC] [INFO] Lazy loading framework initialized
[    2025-08-31T09:14:46 UTC] [INFO] Created lazy wrappers for heavy security modules
[    2025-08-31T09:21:47 UTC] [INFO] Creating lazy wrapper for function: secure_ssh_restart_advanced (Advanced SSH Agent Security)
[    2025-08-31T09:21:47 UTC] [INFO] Creating lazy wrapper for function: secure_ssh_status (SSH Agent Status Functions)
[    2025-08-31T09:21:47 UTC] [INFO] Creating lazy wrapper for function: plugin_security_status_advanced (Advanced Plugin Security Status)
[    2025-08-31T09:21:47 UTC] [INFO] Creating lazy wrapper for function: plugin_security_scan_all (Plugin Security Scanner)
[    2025-08-31T09:21:47 UTC] [INFO] Creating lazy wrapper for function: plugin_security_update_registry (Plugin Registry Management)
[    2025-08-31T09:21:47 UTC] [INFO] Lazy loading framework initialized
[    2025-08-31T09:21:47 UTC] [INFO] Created lazy wrappers for heavy security modules
[    2025-08-31T09:22:09 UTC] [INFO] Creating lazy wrapper for function: secure_ssh_restart_advanced (Advanced SSH Agent Security)
[    2025-08-31T09:22:09 UTC] [INFO] Creating lazy wrapper for function: secure_ssh_status (SSH Agent Status Functions)
[    2025-08-31T09:22:09 UTC] [INFO] Creating lazy wrapper for function: plugin_security_status_advanced (Advanced Plugin Security Status)
[    2025-08-31T09:22:09 UTC] [INFO] Creating lazy wrapper for function: plugin_security_scan_all (Plugin Security Scanner)
[    2025-08-31T09:22:09 UTC] [INFO] Creating lazy wrapper for function: plugin_security_update_registry (Plugin Registry Management)
[    2025-08-31T09:22:09 UTC] [INFO] Lazy loading framework initialized
[    2025-08-31T09:22:09 UTC] [INFO] Created lazy wrappers for heavy security modules
[    2025-08-31T09:23:44 UTC] [INFO] Creating lazy wrapper for function: secure_ssh_restart_advanced (Advanced SSH Agent Security)
[    2025-08-31T09:23:44 UTC] [INFO] Creating lazy wrapper for function: secure_ssh_status (SSH Agent Status Functions)
[    2025-08-31T09:23:44 UTC] [INFO] Creating lazy wrapper for function: plugin_security_status_advanced (Advanced Plugin Security Status)
[    2025-08-31T09:23:44 UTC] [INFO] Creating lazy wrapper for function: plugin_security_scan_all (Plugin Security Scanner)
[    2025-08-31T09:23:44 UTC] [INFO] Creating lazy wrapper for function: plugin_security_update_registry (Plugin Registry Management)
[    2025-08-31T09:23:44 UTC] [INFO] Lazy loading framework initialized
[    2025-08-31T09:23:44 UTC] [INFO] Created lazy wrappers for heavy security modules
[    2025-08-31T09:41:25 UTC] [INFO] Creating lazy wrapper for function: secure_ssh_restart_advanced (Advanced SSH Agent Security)
[    2025-08-31T09:41:25 UTC] [INFO] Creating lazy wrapper for function: secure_ssh_status (SSH Agent Status Functions)
[    2025-08-31T09:41:25 UTC] [INFO] Creating lazy wrapper for function: plugin_security_status_advanced (Advanced Plugin Security Status)
[    2025-08-31T09:41:25 UTC] [INFO] Creating lazy wrapper for function: plugin_security_scan_all (Plugin Security Scanner)
[    2025-08-31T09:41:25 UTC] [INFO] Creating lazy wrapper for function: plugin_security_update_registry (Plugin Registry Management)
[    2025-08-31T09:41:25 UTC] [INFO] Lazy loading framework initialized
[    2025-08-31T09:41:25 UTC] [INFO] Created lazy wrappers for heavy security modules
[    2025-08-31T12:20:38 UTC] [INFO] Creating lazy wrapper for function: secure_ssh_restart_advanced (Advanced SSH Agent Security)
[    2025-08-31T12:20:38 UTC] [INFO] Creating lazy wrapper for function: secure_ssh_status (SSH Agent Status Functions)
[    2025-08-31T12:20:38 UTC] [INFO] Creating lazy wrapper for function: plugin_security_status_advanced (Advanced Plugin Security Status)
[    2025-08-31T12:20:38 UTC] [INFO] Creating lazy wrapper for function: plugin_security_scan_all (Plugin Security Scanner)
[    2025-08-31T12:20:38 UTC] [INFO] Creating lazy wrapper for function: plugin_security_update_registry (Plugin Registry Management)
[    2025-08-31T12:20:38 UTC] [INFO] Lazy loading framework initialized
[    2025-08-31T12:20:38 UTC] [INFO] Created lazy wrappers for heavy security modules
[    2025-08-31T14:47:29 UTC] [INFO] Creating lazy wrapper for function: secure_ssh_restart_advanced (Advanced SSH Agent Security)
[    2025-08-31T14:47:29 UTC] [INFO] Creating lazy wrapper for function: secure_ssh_status (SSH Agent Status Functions)
[    2025-08-31T14:47:29 UTC] [INFO] Creating lazy wrapper for function: plugin_security_status_advanced (Advanced Plugin Security Status)
[    2025-08-31T14:47:29 UTC] [INFO] Creating lazy wrapper for function: plugin_security_scan_all (Plugin Security Scanner)
[    2025-08-31T14:47:29 UTC] [INFO] Creating lazy wrapper for function: plugin_security_update_registry (Plugin Registry Management)
[    2025-08-31T14:47:29 UTC] [INFO] Lazy loading framework initialized
[    2025-08-31T14:47:29 UTC] [INFO] Created lazy wrappers for heavy security modules
[    2025-08-31T15:39:21 UTC] [INFO] Creating lazy wrapper for function: secure_ssh_restart_advanced (Advanced SSH Agent Security)
[    2025-08-31T15:39:21 UTC] [INFO] Creating lazy wrapper for function: secure_ssh_restart_advanced (Advanced SSH Agent Security)
[    2025-08-31T15:39:21 UTC] [INFO] Creating lazy wrapper for function: secure_ssh_status (SSH Agent Status Functions)
[    2025-08-31T15:39:21 UTC] [INFO] Creating lazy wrapper for function: secure_ssh_status (SSH Agent Status Functions)
[    2025-08-31T15:39:21 UTC] [INFO] Creating lazy wrapper for function: plugin_security_status_advanced (Advanced Plugin Security Status)
[    2025-08-31T15:39:21 UTC] [INFO] Creating lazy wrapper for function: plugin_security_status_advanced (Advanced Plugin Security Status)
[    2025-08-31T15:39:21 UTC] [INFO] Creating lazy wrapper for function: plugin_security_scan_all (Plugin Security Scanner)
[    2025-08-31T15:39:21 UTC] [INFO] Creating lazy wrapper for function: plugin_security_scan_all (Plugin Security Scanner)
[    2025-08-31T15:39:21 UTC] [INFO] Creating lazy wrapper for function: plugin_security_update_registry (Plugin Registry Management)
[    2025-08-31T15:39:21 UTC] [INFO] Creating lazy wrapper for function: plugin_security_update_registry (Plugin Registry Management)
[    2025-08-31T15:39:21 UTC] [INFO] Lazy loading framework initialized
[    2025-08-31T15:39:21 UTC] [INFO] Lazy loading framework initialized
[    2025-08-31T15:39:21 UTC] [INFO] Creating lazy wrapper for function: secure_ssh_restart_advanced (Advanced SSH Agent Security)
[    2025-08-31T15:39:21 UTC] [INFO] Created lazy wrappers for heavy security modules
[    2025-08-31T15:39:21 UTC] [INFO] Created lazy wrappers for heavy security modules
[    2025-08-31T15:39:21 UTC] [INFO] Creating lazy wrapper for function: secure_ssh_status (SSH Agent Status Functions)
[    2025-08-31T15:39:21 UTC] [INFO] Creating lazy wrapper for function: plugin_security_status_advanced (Advanced Plugin Security Status)
[    2025-08-31T15:39:21 UTC] [INFO] Creating lazy wrapper for function: plugin_security_scan_all (Plugin Security Scanner)
[    2025-08-31T15:39:21 UTC] [INFO] Creating lazy wrapper for function: plugin_security_update_registry (Plugin Registry Management)
[    2025-08-31T15:39:21 UTC] [INFO] Lazy loading framework initialized
[    2025-08-31T15:39:21 UTC] [INFO] Created lazy wrappers for heavy security modules
[    2025-08-31T15:48:04 UTC] [INFO] Creating lazy wrapper for function: secure_ssh_restart_advanced (Advanced SSH Agent Security)
[    2025-08-31T15:48:04 UTC] [INFO] Creating lazy wrapper for function: secure_ssh_status (SSH Agent Status Functions)
[    2025-08-31T15:48:04 UTC] [INFO] Creating lazy wrapper for function: plugin_security_status_advanced (Advanced Plugin Security Status)
[    2025-08-31T15:48:04 UTC] [INFO] Creating lazy wrapper for function: plugin_security_scan_all (Plugin Security Scanner)
[    2025-08-31T15:48:04 UTC] [INFO] Creating lazy wrapper for function: plugin_security_update_registry (Plugin Registry Management)
[    2025-08-31T15:48:04 UTC] [INFO] Lazy loading framework initialized
[    2025-08-31T15:48:04 UTC] [INFO] Created lazy wrappers for heavy security modules
[    2025-08-31T15:50:51 UTC] [INFO] Creating lazy wrapper for function: secure_ssh_restart_advanced (Advanced SSH Agent Security)
[    2025-08-31T15:50:51 UTC] [INFO] Creating lazy wrapper for function: secure_ssh_status (SSH Agent Status Functions)
[    2025-08-31T15:50:51 UTC] [INFO] Creating lazy wrapper for function: plugin_security_status_advanced (Advanced Plugin Security Status)
[    2025-08-31T15:50:51 UTC] [INFO] Creating lazy wrapper for function: plugin_security_scan_all (Plugin Security Scanner)
[    2025-08-31T15:50:51 UTC] [INFO] Creating lazy wrapper for function: plugin_security_update_registry (Plugin Registry Management)
[    2025-08-31T15:50:51 UTC] [INFO] Lazy loading framework initialized
[    2025-08-31T15:50:51 UTC] [INFO] Created lazy wrappers for heavy security modules
[    2025-08-31T16:37:50 UTC] [INFO] Creating lazy wrapper for function: secure_ssh_restart_advanced (Advanced SSH Agent Security)
[    2025-08-31T16:37:50 UTC] [INFO] Creating lazy wrapper for function: secure_ssh_status (SSH Agent Status Functions)
[    2025-08-31T16:37:50 UTC] [INFO] Creating lazy wrapper for function: plugin_security_status_advanced (Advanced Plugin Security Status)
[    2025-08-31T16:37:50 UTC] [INFO] Creating lazy wrapper for function: plugin_security_scan_all (Plugin Security Scanner)
[    2025-08-31T16:37:50 UTC] [INFO] Creating lazy wrapper for function: plugin_security_update_registry (Plugin Registry Management)
[    2025-08-31T16:37:50 UTC] [INFO] Lazy loading framework initialized
[    2025-08-31T16:37:50 UTC] [INFO] Created lazy wrappers for heavy security modules
[    2025-08-31T17:05:46 UTC] [INFO] Creating lazy wrapper for function: secure_ssh_restart_advanced (Advanced SSH Agent Security)
[    2025-08-31T17:05:46 UTC] [INFO] Creating lazy wrapper for function: secure_ssh_status (SSH Agent Status Functions)
[    2025-08-31T17:05:46 UTC] [INFO] Creating lazy wrapper for function: plugin_security_status_advanced (Advanced Plugin Security Status)
[    2025-08-31T17:05:46 UTC] [INFO] Creating lazy wrapper for function: plugin_security_scan_all (Plugin Security Scanner)
[    2025-08-31T17:05:46 UTC] [INFO] Creating lazy wrapper for function: plugin_security_update_registry (Plugin Registry Management)
[    2025-08-31T17:05:46 UTC] [INFO] Lazy loading framework initialized
[    2025-08-31T17:05:46 UTC] [INFO] Created lazy wrappers for heavy security modules
[    2025-08-31T17:06:24 UTC] [INFO] Creating lazy wrapper for function: secure_ssh_restart_advanced (Advanced SSH Agent Security)
[    2025-08-31T17:06:24 UTC] [INFO] Creating lazy wrapper for function: secure_ssh_status (SSH Agent Status Functions)
[    2025-08-31T17:06:24 UTC] [INFO] Creating lazy wrapper for function: plugin_security_status_advanced (Advanced Plugin Security Status)
[    2025-08-31T17:06:24 UTC] [INFO] Creating lazy wrapper for function: plugin_security_scan_all (Plugin Security Scanner)
[    2025-08-31T17:06:24 UTC] [INFO] Creating lazy wrapper for function: plugin_security_update_registry (Plugin Registry Management)
[    2025-08-31T17:06:24 UTC] [INFO] Lazy loading framework initialized
[    2025-08-31T17:06:24 UTC] [INFO] Created lazy wrappers for heavy security modules
