==============================================================================
ZSH Performance Baseline Measurement
Started: Tue Oct  7 17:29:11 BST 2025
Log file: /Users/s-a-c/.config/zsh/logs/2025-10-07/baseline-performance-17-29-11.log
==============================================================================

capture_system_info:2: command not found: zsh_debug_echo
capture_system_info:3: command not found: zsh_debug_echo
capture_system_info:4: command not found: zsh_debug_echo
capture_system_info:5: command not found: zsh_debug_echo
capture_system_info:6: command not found: zsh_debug_echo
capture_system_info:7: command not found: zsh_debug_echo
capture_system_info:10: command not found: zsh_debug_echo
capture_system_info:15: command not found: zsh_debug_echo
capture_system_info:16: command not found: zsh_debug_echo
capture_system_info:17: command not found: zsh_debug_echo
capture_system_info:18: command not found: zsh_debug_echo
capture_system_info:19: command not found: zsh_debug_echo
capture_system_info:20: command not found: zsh_debug_echo

analyze_configuration:2: command not found: zsh_debug_echo
analyze_configuration:9: command not found: zsh_debug_echo

analyze_configuration:26: command not found: zsh_debug_echo
analyze_configuration:27: command not found: zsh_debug_echo
analyze_configuration:28: command not found: zsh_debug_echo
analyze_configuration:29: command not found: zsh_debug_echo
analyze_configuration:32: command not found: zsh_debug_echo
analyze_configuration:33: command not found: zsh_debug_echo
analyze_configuration:34: command not found: zsh_debug_echo

analyze_configuration:44: command not found: zsh_debug_echo
analyze_configuration:46: command not found: zsh_debug_echo
analyze_configuration:46: command not found: zsh_debug_echo
analyze_configuration:46: command not found: zsh_debug_echo
analyze_configuration:46: command not found: zsh_debug_echo
analyze_configuration:46: command not found: zsh_debug_echo
analyze_configuration:46: command not found: zsh_debug_echo
analyze_configuration:46: command not found: zsh_debug_echo
analyze_configuration:46: command not found: zsh_debug_echo
analyze_configuration:46: command not found: zsh_debug_echo
analyze_configuration:46: command not found: zsh_debug_echo
analyze_configuration:46: command not found: zsh_debug_echo
analyze_configuration:46: command not found: zsh_debug_echo
analyze_configuration:46: command not found: zsh_debug_echo
analyze_configuration:46: command not found: zsh_debug_echo
analyze_configuration:46: command not found: zsh_debug_echo
analyze_configuration:46: command not found: zsh_debug_echo
analyze_configuration:46: command not found: zsh_debug_echo
analyze_configuration:46: command not found: zsh_debug_echo
analyze_configuration:46: command not found: zsh_debug_echo
analyze_configuration:46: command not found: zsh_debug_echo
analyze_configuration:46: command not found: zsh_debug_echo
analyze_configuration:46: command not found: zsh_debug_echo
analyze_configuration:46: command not found: zsh_debug_echo
analyze_configuration:46: command not found: zsh_debug_echo
analyze_configuration:46: command not found: zsh_debug_echo
analyze_configuration:46: command not found: zsh_debug_echo
analyze_configuration:46: command not found: zsh_debug_echo
analyze_configuration:46: command not found: zsh_debug_echo
analyze_configuration:46: command not found: zsh_debug_echo
analyze_configuration:46: command not found: zsh_debug_echo
analyze_configuration:46: command not found: zsh_debug_echo
analyze_configuration:46: command not found: zsh_debug_echo
analyze_configuration:46: command not found: zsh_debug_echo
analyze_configuration:46: command not found: zsh_debug_echo
analyze_configuration:46: command not found: zsh_debug_echo
analyze_configuration:46: command not found: zsh_debug_echo
analyze_configuration:46: command not found: zsh_debug_echo
analyze_configuration:46: command not found: zsh_debug_echo
analyze_configuration:46: command not found: zsh_debug_echo
analyze_configuration:46: command not found: zsh_debug_echo
analyze_configuration:46: command not found: zsh_debug_echo
analyze_configuration:46: command not found: zsh_debug_echo
analyze_configuration:46: command not found: zsh_debug_echo
analyze_configuration:46: command not found: zsh_debug_echo
analyze_configuration:46: command not found: zsh_debug_echo
analyze_configuration:46: command not found: zsh_debug_echo
analyze_configuration:46: command not found: zsh_debug_echo
analyze_configuration:46: command not found: zsh_debug_echo
analyze_configuration:46: command not found: zsh_debug_echo
analyze_configuration:46: command not found: zsh_debug_echo
analyze_configuration:46: command not found: zsh_debug_echo
analyze_configuration:46: command not found: zsh_debug_echo
analyze_configuration:46: command not found: zsh_debug_echo
analyze_configuration:46: command not found: zsh_debug_echo
analyze_configuration:46: command not found: zsh_debug_echo
analyze_configuration:46: command not found: zsh_debug_echo
analyze_configuration:46: command not found: zsh_debug_echo
analyze_configuration:46: command not found: zsh_debug_echo
analyze_configuration:46: command not found: zsh_debug_echo
analyze_configuration:46: command not found: zsh_debug_echo
analyze_configuration:46: command not found: zsh_debug_echo
analyze_configuration:46: command not found: zsh_debug_echo
analyze_configuration:46: command not found: zsh_debug_echo
analyze_configuration:46: command not found: zsh_debug_echo
analyze_configuration:46: command not found: zsh_debug_echo
analyze_configuration:46: command not found: zsh_debug_echo
analyze_configuration:46: command not found: zsh_debug_echo
analyze_configuration:46: command not found: zsh_debug_echo
analyze_configuration:46: command not found: zsh_debug_echo
analyze_configuration:46: command not found: zsh_debug_echo
analyze_configuration:46: command not found: zsh_debug_echo
analyze_configuration:46: command not found: zsh_debug_echo
analyze_configuration:46: command not found: zsh_debug_echo
analyze_configuration:46: command not found: zsh_debug_echo
analyze_configuration:46: command not found: zsh_debug_echo
analyze_configuration:46: command not found: zsh_debug_echo
analyze_configuration:46: command not found: zsh_debug_echo
analyze_configuration:46: command not found: zsh_debug_echo
analyze_configuration:46: command not found: zsh_debug_echo
analyze_configuration:46: command not found: zsh_debug_echo
analyze_configuration:46: command not found: zsh_debug_echo
analyze_configuration:46: command not found: zsh_debug_echo
analyze_configuration:46: command not found: zsh_debug_echo
analyze_configuration:46: command not found: zsh_debug_echo
analyze_configuration:46: command not found: zsh_debug_echo
analyze_configuration:46: command not found: zsh_debug_echo
analyze_configuration:46: command not found: zsh_debug_echo
analyze_configuration:46: command not found: zsh_debug_echo
analyze_configuration:46: command not found: zsh_debug_echo
analyze_configuration:46: command not found: zsh_debug_echo
analyze_configuration:46: command not found: zsh_debug_echo
analyze_configuration:46: command not found: zsh_debug_echo
analyze_configuration:46: command not found: zsh_debug_echo
analyze_configuration:46: command not found: zsh_debug_echo
analyze_configuration:46: command not found: zsh_debug_echo
analyze_configuration:46: command not found: zsh_debug_echo
analyze_configuration:46: command not found: zsh_debug_echo
analyze_configuration:46: command not found: zsh_debug_echo
analyze_configuration:46: command not found: zsh_debug_echo
analyze_configuration:46: command not found: zsh_debug_echo
analyze_configuration:46: command not found: zsh_debug_echo
analyze_configuration:46: command not found: zsh_debug_echo
analyze_configuration:46: command not found: zsh_debug_echo
analyze_configuration:46: command not found: zsh_debug_echo
analyze_configuration:46: command not found: zsh_debug_echo
analyze_configuration:46: command not found: zsh_debug_echo
analyze_configuration:46: command not found: zsh_debug_echo
analyze_configuration:46: command not found: zsh_debug_echo
analyze_configuration:46: command not found: zsh_debug_echo
analyze_configuration:46: command not found: zsh_debug_echo
analyze_configuration:46: command not found: zsh_debug_echo
analyze_configuration:46: command not found: zsh_debug_echo
analyze_configuration:46: command not found: zsh_debug_echo
analyze_configuration:46: command not found: zsh_debug_echo
analyze_configuration:46: command not found: zsh_debug_echo
analyze_configuration:46: command not found: zsh_debug_echo
analyze_configuration:46: command not found: zsh_debug_echo
analyze_configuration:46: command not found: zsh_debug_echo
analyze_configuration:46: command not found: zsh_debug_echo
analyze_configuration:46: command not found: zsh_debug_echo
analyze_configuration:46: command not found: zsh_debug_echo
analyze_configuration:46: command not found: zsh_debug_echo
analyze_configuration:46: command not found: zsh_debug_echo
analyze_configuration:46: command not found: zsh_debug_echo
analyze_configuration:46: command not found: zsh_debug_echo
analyze_configuration:46: command not found: zsh_debug_echo
analyze_configuration:46: command not found: zsh_debug_echo
analyze_configuration:46: command not found: zsh_debug_echo
analyze_configuration:46: command not found: zsh_debug_echo
analyze_configuration:46: command not found: zsh_debug_echo
analyze_configuration:46: command not found: zsh_debug_echo
analyze_configuration:46: command not found: zsh_debug_echo
analyze_configuration:46: command not found: zsh_debug_echo
analyze_configuration:46: command not found: zsh_debug_echo
analyze_configuration:46: command not found: zsh_debug_echo
analyze_configuration:46: command not found: zsh_debug_echo
analyze_configuration:46: command not found: zsh_debug_echo
analyze_configuration:46: command not found: zsh_debug_echo
analyze_configuration:46: command not found: zsh_debug_echo
analyze_configuration:46: command not found: zsh_debug_echo
analyze_configuration:46: command not found: zsh_debug_echo
analyze_configuration:46: command not found: zsh_debug_echo
analyze_configuration:46: command not found: zsh_debug_echo
analyze_configuration:46: command not found: zsh_debug_echo
analyze_configuration:46: command not found: zsh_debug_echo

measure_startup_time:7: command not found: zsh_debug_echo
measure_startup_time:24: command not found: zsh_debug_echo
measure_startup_time:36: command not found: zsh_debug_echo
measure_startup_time:24: command not found: zsh_debug_echo
measure_startup_time:36: command not found: zsh_debug_echo
measure_startup_time:24: command not found: zsh_debug_echo
measure_startup_time:36: command not found: zsh_debug_echo
measure_startup_time:24: command not found: zsh_debug_echo
measure_startup_time:36: command not found: zsh_debug_echo
measure_startup_time:24: command not found: zsh_debug_echo
measure_startup_time:36: command not found: zsh_debug_echo
measure_startup_time:24: command not found: zsh_debug_echo
measure_startup_time:36: command not found: zsh_debug_echo
measure_startup_time:24: command not found: zsh_debug_echo
measure_startup_time:36: command not found: zsh_debug_echo
measure_startup_time:24: command not found: zsh_debug_echo
measure_startup_time:36: command not found: zsh_debug_echo
measure_startup_time:24: command not found: zsh_debug_echo
measure_startup_time:36: command not found: zsh_debug_echo
measure_startup_time:24: command not found: zsh_debug_echo
measure_startup_time:36: command not found: zsh_debug_echo

measure_startup_time:64: command not found: zsh_debug_echo
measure_startup_time:65: command not found: zsh_debug_echo
measure_startup_time:66: command not found: zsh_debug_echo
measure_startup_time:67: command not found: zsh_debug_echo
measure_startup_time:68: command not found: zsh_debug_echo
measure_startup_time:69: command not found: zsh_debug_echo
measure_startup_time:72: command not found: zsh_debug_echo
measure_startup_time:73: command not found: zsh_debug_echo
measure_startup_time:74: command not found: zsh_debug_echo

measure_memory_usage:2: command not found: zsh_debug_echo
2264
measure_memory_usage:20: command not found: zsh_debug_echo
measure_memory_usage:21: command not found: zsh_debug_echo
measure_memory_usage:24: command not found: zsh_debug_echo
measure_memory_usage:25: command not found: zsh_debug_echo

main:7: command not found: zsh_debug_echo
main:8: command not found: zsh_debug_echo
main:9: command not found: zsh_debug_echo

main:11: command not found: zsh_debug_echo
main:12: command not found: zsh_debug_echo
main:15: command not found: zsh_debug_echo
main:19: command not found: zsh_debug_echo
main:21: command not found: zsh_debug_echo
