/Users/s-a-c/Music
/Users/s-a-c/perl5
/Users/s-a-c/dotfiles
/Users/s-a-c/bin
/Users/s-a-c/Herd
/Users/s-a-c/Pictures
/Users/s-a-c/sbin
/Users/s-a-c/Desktop
/Users/s-a-c/Library
/Users/s-a-c/Parallels
/Users/s-a-c/iboysoft-extensions
/Users/s-a-c/intelephense
/Users/s-a-c/Public
/Users/s-a-c/Virtual Machines.localized
/Users/s-a-c/nc
/Users/s-a-c/echoapi_for_vscode
/Users/s-a-c/Movies
/Users/s-a-c/Applications
/Users/s-a-c/Insync
/Users/s-a-c/Documents
/Users/s-a-c/Downloads
/Users/Shared
/Users/Guest
/
/usr
/nix
/bin
/sbin
/Library
/System
/private
/Users
/Applications
/opt
/dev
/Volumes
/cores
/Users/s-a-c/.config/zsh
/Users/s-a-c
/Users/s-a-c/.config/zsh
