[    2025-10-14T08:07:11 UTC] [INFO] Creating lazy wrapper for function: secure_ssh_restart_advanced (Advanced SSH Agent Security)
[    2025-10-14T08:07:12 UTC] [INFO] Creating lazy wrapper for function: secure_ssh_status (SSH Agent Status Functions)
[    2025-10-14T08:07:12 UTC] [INFO] Creating lazy wrapper for function: plugin_security_status_advanced (Advanced Plugin Security Status)
[    2025-10-14T08:07:13 UTC] [INFO] Creating lazy wrapper for function: plugin_security_scan_all (Plugin Security Scanner)
[    2025-10-14T08:07:13 UTC] [INFO] Creating lazy wrapper for function: plugin_security_update_registry (Plugin Registry Management)
[    2025-10-14T08:07:14 UTC] [INFO] Lazy loading framework initialized
[    2025-10-14T08:07:14 UTC] [INFO] Created lazy wrappers for heavy security modules
[    2025-10-14T08:07:40 UTC] [INFO] Creating lazy wrapper for function: secure_ssh_restart_advanced (Advanced SSH Agent Security)
[    2025-10-14T08:07:40 UTC] [INFO] Creating lazy wrapper for function: secure_ssh_status (SSH Agent Status Functions)
[    2025-10-14T08:07:40 UTC] [INFO] Creating lazy wrapper for function: plugin_security_status_advanced (Advanced Plugin Security Status)
[    2025-10-14T08:07:40 UTC] [INFO] Creating lazy wrapper for function: plugin_security_scan_all (Plugin Security Scanner)
[    2025-10-14T08:07:40 UTC] [INFO] Creating lazy wrapper for function: plugin_security_update_registry (Plugin Registry Management)
[    2025-10-14T08:07:40 UTC] [INFO] Lazy loading framework initialized
[    2025-10-14T08:07:40 UTC] [INFO] Created lazy wrappers for heavy security modules
[    2025-10-14T08:08:47 UTC] [INFO] Creating lazy wrapper for function: secure_ssh_restart_advanced (Advanced SSH Agent Security)
[    2025-10-14T08:08:47 UTC] [INFO] Creating lazy wrapper for function: secure_ssh_status (SSH Agent Status Functions)
[    2025-10-14T08:08:47 UTC] [INFO] Creating lazy wrapper for function: plugin_security_status_advanced (Advanced Plugin Security Status)
[    2025-10-14T08:08:47 UTC] [INFO] Creating lazy wrapper for function: plugin_security_scan_all (Plugin Security Scanner)
[    2025-10-14T08:08:47 UTC] [INFO] Creating lazy wrapper for function: plugin_security_update_registry (Plugin Registry Management)
[    2025-10-14T08:08:47 UTC] [INFO] Lazy loading framework initialized
[    2025-10-14T08:08:47 UTC] [INFO] Created lazy wrappers for heavy security modules
