[    2025-09-02T23:25:51 UTC] [INFO] Creating lazy wrapper for function: secure_ssh_restart_advanced (Advanced SSH Agent Security)
[    2025-09-02T23:25:51 UTC] [INFO] Creating lazy wrapper for function: secure_ssh_status (SSH Agent Status Functions)
[    2025-09-02T23:25:51 UTC] [INFO] Creating lazy wrapper for function: plugin_security_status_advanced (Advanced Plugin Security Status)
[    2025-09-02T23:25:51 UTC] [INFO] Creating lazy wrapper for function: plugin_security_scan_all (Plugin Security Scanner)
[    2025-09-02T23:25:51 UTC] [INFO] Creating lazy wrapper for function: plugin_security_update_registry (Plugin Registry Management)
[    2025-09-02T23:25:51 UTC] [INFO] Lazy loading framework initialized
[    2025-09-02T23:25:51 UTC] [INFO] Created lazy wrappers for heavy security modules
[    2025-09-03T10:12:30 UTC] [INFO] Creating lazy wrapper for function: secure_ssh_restart_advanced (Advanced SSH Agent Security)
[    2025-09-03T10:12:30 UTC] [INFO] Creating lazy wrapper for function: secure_ssh_status (SSH Agent Status Functions)
[    2025-09-03T10:12:30 UTC] [INFO] Creating lazy wrapper for function: plugin_security_status_advanced (Advanced Plugin Security Status)
[    2025-09-03T10:12:30 UTC] [INFO] Creating lazy wrapper for function: plugin_security_scan_all (Plugin Security Scanner)
[    2025-09-03T10:12:30 UTC] [INFO] Creating lazy wrapper for function: plugin_security_update_registry (Plugin Registry Management)
[    2025-09-03T10:12:30 UTC] [INFO] Lazy loading framework initialized
[    2025-09-03T10:12:30 UTC] [INFO] Created lazy wrappers for heavy security modules
[    2025-09-03T10:12:31 UTC] [INFO] Creating lazy wrapper for function: secure_ssh_restart_advanced (Advanced SSH Agent Security)
[    2025-09-03T10:12:31 UTC] [INFO] Creating lazy wrapper for function: secure_ssh_status (SSH Agent Status Functions)
[    2025-09-03T10:12:31 UTC] [INFO] Creating lazy wrapper for function: secure_ssh_restart_advanced (Advanced SSH Agent Security)
[    2025-09-03T10:12:31 UTC] [INFO] Creating lazy wrapper for function: secure_ssh_status (SSH Agent Status Functions)
[    2025-09-03T10:12:31 UTC] [INFO] Creating lazy wrapper for function: plugin_security_status_advanced (Advanced Plugin Security Status)
[    2025-09-03T10:12:31 UTC] [INFO] Creating lazy wrapper for function: plugin_security_status_advanced (Advanced Plugin Security Status)
[    2025-09-03T10:12:31 UTC] [INFO] Creating lazy wrapper for function: plugin_security_scan_all (Plugin Security Scanner)
[    2025-09-03T10:12:31 UTC] [INFO] Creating lazy wrapper for function: plugin_security_scan_all (Plugin Security Scanner)
[    2025-09-03T10:12:31 UTC] [INFO] Creating lazy wrapper for function: plugin_security_update_registry (Plugin Registry Management)
[    2025-09-03T10:12:31 UTC] [INFO] Creating lazy wrapper for function: secure_ssh_restart_advanced (Advanced SSH Agent Security)
[    2025-09-03T10:12:31 UTC] [INFO] Creating lazy wrapper for function: secure_ssh_restart_advanced (Advanced SSH Agent Security)
[    2025-09-03T10:12:31 UTC] [INFO] Creating lazy wrapper for function: secure_ssh_restart_advanced (Advanced SSH Agent Security)
[    2025-09-03T10:12:31 UTC] [INFO] Creating lazy wrapper for function: secure_ssh_restart_advanced (Advanced SSH Agent Security)
[    2025-09-03T10:12:31 UTC] [INFO] Creating lazy wrapper for function: secure_ssh_status (SSH Agent Status Functions)
[    2025-09-03T10:12:31 UTC] [INFO] Creating lazy wrapper for function: plugin_security_status_advanced (Advanced Plugin Security Status)
[    2025-09-03T10:12:31 UTC] [INFO] Creating lazy wrapper for function: plugin_security_scan_all (Plugin Security Scanner)
[    2025-09-03T10:12:31 UTC] [INFO] Creating lazy wrapper for function: plugin_security_update_registry (Plugin Registry Management)
[    2025-09-03T10:12:31 UTC] [INFO] Creating lazy wrapper for function: secure_ssh_status (SSH Agent Status Functions)
[    2025-09-03T10:12:31 UTC] [INFO] Creating lazy wrapper for function: secure_ssh_status (SSH Agent Status Functions)
[    2025-09-03T10:12:31 UTC] [INFO] Creating lazy wrapper for function: secure_ssh_status (SSH Agent Status Functions)
[    2025-09-03T10:12:31 UTC] [INFO] Creating lazy wrapper for function: plugin_security_update_registry (Plugin Registry Management)
[    2025-09-03T10:12:31 UTC] [INFO] Lazy loading framework initialized
[    2025-09-03T10:12:31 UTC] [INFO] Creating lazy wrapper for function: secure_ssh_restart_advanced (Advanced SSH Agent Security)
[    2025-09-03T10:12:31 UTC] [INFO] Creating lazy wrapper for function: secure_ssh_restart_advanced (Advanced SSH Agent Security)
[    2025-09-03T10:12:31 UTC] [INFO] Creating lazy wrapper for function: plugin_security_status_advanced (Advanced Plugin Security Status)
[    2025-09-03T10:12:31 UTC] [INFO] Creating lazy wrapper for function: plugin_security_status_advanced (Advanced Plugin Security Status)
[    2025-09-03T10:12:31 UTC] [INFO] Creating lazy wrapper for function: plugin_security_status_advanced (Advanced Plugin Security Status)
[    2025-09-03T10:12:31 UTC] [INFO] Creating lazy wrapper for function: secure_ssh_status (SSH Agent Status Functions)
[    2025-09-03T10:12:31 UTC] [INFO] Lazy loading framework initialized
[    2025-09-03T10:12:31 UTC] [INFO] Creating lazy wrapper for function: secure_ssh_status (SSH Agent Status Functions)
[    2025-09-03T10:12:31 UTC] [INFO] Lazy loading framework initialized
[    2025-09-03T10:12:31 UTC] [INFO] Created lazy wrappers for heavy security modules
[    2025-09-03T10:12:31 UTC] [INFO] Creating lazy wrapper for function: plugin_security_scan_all (Plugin Security Scanner)
[    2025-09-03T10:12:31 UTC] [INFO] Creating lazy wrapper for function: plugin_security_scan_all (Plugin Security Scanner)
[    2025-09-03T10:12:31 UTC] [INFO] Created lazy wrappers for heavy security modules
[    2025-09-03T10:12:31 UTC] [INFO] Creating lazy wrapper for function: plugin_security_scan_all (Plugin Security Scanner)
[    2025-09-03T10:12:31 UTC] [INFO] Creating lazy wrapper for function: plugin_security_status_advanced (Advanced Plugin Security Status)
[    2025-09-03T10:12:31 UTC] [INFO] Creating lazy wrapper for function: plugin_security_status_advanced (Advanced Plugin Security Status)
[    2025-09-03T10:12:31 UTC] [INFO] Creating lazy wrapper for function: plugin_security_update_registry (Plugin Registry Management)
[    2025-09-03T10:12:31 UTC] [INFO] Created lazy wrappers for heavy security modules
[    2025-09-03T10:12:31 UTC] [INFO] Creating lazy wrapper for function: plugin_security_update_registry (Plugin Registry Management)
[    2025-09-03T10:12:31 UTC] [INFO] Creating lazy wrapper for function: plugin_security_update_registry (Plugin Registry Management)
[    2025-09-03T10:12:31 UTC] [INFO] Creating lazy wrapper for function: secure_ssh_restart_advanced (Advanced SSH Agent Security)
[    2025-09-03T10:12:31 UTC] [INFO] Creating lazy wrapper for function: plugin_security_scan_all (Plugin Security Scanner)
[    2025-09-03T10:12:31 UTC] [INFO] Creating lazy wrapper for function: plugin_security_scan_all (Plugin Security Scanner)
[    2025-09-03T10:12:31 UTC] [INFO] Lazy loading framework initialized
[    2025-09-03T10:12:31 UTC] [INFO] Lazy loading framework initialized
[    2025-09-03T10:12:31 UTC] [INFO] Creating lazy wrapper for function: secure_ssh_status (SSH Agent Status Functions)
[    2025-09-03T10:12:31 UTC] [INFO] Creating lazy wrapper for function: plugin_security_update_registry (Plugin Registry Management)
[    2025-09-03T10:12:31 UTC] [INFO] Creating lazy wrapper for function: plugin_security_update_registry (Plugin Registry Management)
[    2025-09-03T10:12:31 UTC] [INFO] Lazy loading framework initialized
[    2025-09-03T10:12:31 UTC] [INFO] Created lazy wrappers for heavy security modules
[    2025-09-03T10:12:31 UTC] [INFO] Created lazy wrappers for heavy security modules
[    2025-09-03T10:12:31 UTC] [INFO] Lazy loading framework initialized
[    2025-09-03T10:12:31 UTC] [INFO] Lazy loading framework initialized
[    2025-09-03T10:12:31 UTC] [INFO] Creating lazy wrapper for function: plugin_security_status_advanced (Advanced Plugin Security Status)
[    2025-09-03T10:12:31 UTC] [INFO] Created lazy wrappers for heavy security modules
[    2025-09-03T10:12:31 UTC] [INFO] Created lazy wrappers for heavy security modules
[    2025-09-03T10:12:31 UTC] [INFO] Created lazy wrappers for heavy security modules
[    2025-09-03T10:12:31 UTC] [INFO] Creating lazy wrapper for function: plugin_security_scan_all (Plugin Security Scanner)
[    2025-09-03T10:12:31 UTC] [INFO] Creating lazy wrapper for function: plugin_security_update_registry (Plugin Registry Management)
[    2025-09-03T10:12:31 UTC] [INFO] Lazy loading framework initialized
[    2025-09-03T10:12:31 UTC] [INFO] Created lazy wrappers for heavy security modules
[    2025-09-03T10:19:01 UTC] [INFO] Creating lazy wrapper for function: secure_ssh_restart_advanced (Advanced SSH Agent Security)
[    2025-09-03T10:19:01 UTC] [INFO] Creating lazy wrapper for function: secure_ssh_status (SSH Agent Status Functions)
[    2025-09-03T10:19:01 UTC] [INFO] Creating lazy wrapper for function: plugin_security_status_advanced (Advanced Plugin Security Status)
[    2025-09-03T10:19:01 UTC] [INFO] Creating lazy wrapper for function: plugin_security_scan_all (Plugin Security Scanner)
[    2025-09-03T10:19:01 UTC] [INFO] Creating lazy wrapper for function: plugin_security_update_registry (Plugin Registry Management)
[    2025-09-03T10:19:01 UTC] [INFO] Lazy loading framework initialized
[    2025-09-03T10:19:01 UTC] [INFO] Created lazy wrappers for heavy security modules
[    2025-09-03T10:57:36 UTC] [INFO] Creating lazy wrapper for function: secure_ssh_restart_advanced (Advanced SSH Agent Security)
[    2025-09-03T10:57:36 UTC] [INFO] Creating lazy wrapper for function: secure_ssh_status (SSH Agent Status Functions)
[    2025-09-03T10:57:36 UTC] [INFO] Creating lazy wrapper for function: plugin_security_status_advanced (Advanced Plugin Security Status)
[    2025-09-03T10:57:37 UTC] [INFO] Creating lazy wrapper for function: plugin_security_scan_all (Plugin Security Scanner)
[    2025-09-03T10:57:37 UTC] [INFO] Creating lazy wrapper for function: plugin_security_update_registry (Plugin Registry Management)
[    2025-09-03T10:57:37 UTC] [INFO] Lazy loading framework initialized
[    2025-09-03T10:57:37 UTC] [INFO] Created lazy wrappers for heavy security modules
