[    2025-09-05T13:48:41 UTC] [INFO] Creating lazy wrapper for function: secure_ssh_restart_advanced (Advanced SSH Agent Security)
[    2025-09-05T13:48:41 UTC] [INFO] Creating lazy wrapper for function: secure_ssh_status (SSH Agent Status Functions)
[    2025-09-05T13:48:41 UTC] [INFO] Creating lazy wrapper for function: plugin_security_status_advanced (Advanced Plugin Security Status)
[    2025-09-05T13:48:41 UTC] [INFO] Creating lazy wrapper for function: plugin_security_scan_all (Plugin Security Scanner)
[    2025-09-05T13:48:41 UTC] [INFO] Creating lazy wrapper for function: plugin_security_update_registry (Plugin Registry Management)
[    2025-09-05T13:48:41 UTC] [INFO] Lazy loading framework initialized
[    2025-09-05T13:48:41 UTC] [INFO] Created lazy wrappers for heavy security modules
[    2025-09-05T20:18:43 UTC] [INFO] Creating lazy wrapper for function: secure_ssh_restart_advanced (Advanced SSH Agent Security)
[    2025-09-05T20:18:43 UTC] [INFO] Creating lazy wrapper for function: secure_ssh_status (SSH Agent Status Functions)
[    2025-09-05T20:18:43 UTC] [INFO] Creating lazy wrapper for function: plugin_security_status_advanced (Advanced Plugin Security Status)
[    2025-09-05T20:18:43 UTC] [INFO] Creating lazy wrapper for function: plugin_security_scan_all (Plugin Security Scanner)
[    2025-09-05T20:18:43 UTC] [INFO] Creating lazy wrapper for function: plugin_security_update_registry (Plugin Registry Management)
[    2025-09-05T20:18:43 UTC] [INFO] Lazy loading framework initialized
[    2025-09-05T20:18:43 UTC] [INFO] Created lazy wrappers for heavy security modules
[    2025-09-05T21:30:16 UTC] [INFO] Creating lazy wrapper for function: secure_ssh_restart_advanced (Advanced SSH Agent Security)
[    2025-09-05T21:30:16 UTC] [INFO] Creating lazy wrapper for function: secure_ssh_status (SSH Agent Status Functions)
[    2025-09-05T21:30:16 UTC] [INFO] Creating lazy wrapper for function: plugin_security_status_advanced (Advanced Plugin Security Status)
[    2025-09-05T21:30:16 UTC] [INFO] Creating lazy wrapper for function: plugin_security_scan_all (Plugin Security Scanner)
[    2025-09-05T21:30:16 UTC] [INFO] Creating lazy wrapper for function: plugin_security_update_registry (Plugin Registry Management)
[    2025-09-05T21:30:16 UTC] [INFO] Lazy loading framework initialized
[    2025-09-05T21:30:16 UTC] [INFO] Created lazy wrappers for heavy security modules
[    2025-09-05T21:31:31 UTC] [INFO] Creating lazy wrapper for function: secure_ssh_restart_advanced (Advanced SSH Agent Security)
[    2025-09-05T21:31:31 UTC] [INFO] Creating lazy wrapper for function: secure_ssh_status (SSH Agent Status Functions)
[    2025-09-05T21:31:31 UTC] [INFO] Creating lazy wrapper for function: plugin_security_status_advanced (Advanced Plugin Security Status)
[    2025-09-05T21:31:31 UTC] [INFO] Creating lazy wrapper for function: plugin_security_scan_all (Plugin Security Scanner)
[    2025-09-05T21:31:31 UTC] [INFO] Creating lazy wrapper for function: plugin_security_update_registry (Plugin Registry Management)
[    2025-09-05T21:31:31 UTC] [INFO] Lazy loading framework initialized
[    2025-09-05T21:31:31 UTC] [INFO] Created lazy wrappers for heavy security modules
[    2025-09-05T21:50:39 UTC] [INFO] Creating lazy wrapper for function: secure_ssh_restart_advanced (Advanced SSH Agent Security)
[    2025-09-05T21:50:39 UTC] [INFO] Creating lazy wrapper for function: secure_ssh_status (SSH Agent Status Functions)
[    2025-09-05T21:50:39 UTC] [INFO] Creating lazy wrapper for function: plugin_security_status_advanced (Advanced Plugin Security Status)
[    2025-09-05T21:50:39 UTC] [INFO] Creating lazy wrapper for function: plugin_security_scan_all (Plugin Security Scanner)
[    2025-09-05T21:50:39 UTC] [INFO] Creating lazy wrapper for function: plugin_security_update_registry (Plugin Registry Management)
[    2025-09-05T21:50:39 UTC] [INFO] Lazy loading framework initialized
[    2025-09-05T21:50:39 UTC] [INFO] Created lazy wrappers for heavy security modules
[    2025-09-05T21:50:47 UTC] [INFO] Creating lazy wrapper for function: secure_ssh_restart_advanced (Advanced SSH Agent Security)
[    2025-09-05T21:50:47 UTC] [INFO] Creating lazy wrapper for function: secure_ssh_status (SSH Agent Status Functions)
[    2025-09-05T21:50:47 UTC] [INFO] Creating lazy wrapper for function: plugin_security_status_advanced (Advanced Plugin Security Status)
[    2025-09-05T21:50:47 UTC] [INFO] Creating lazy wrapper for function: plugin_security_scan_all (Plugin Security Scanner)
[    2025-09-05T21:50:47 UTC] [INFO] Creating lazy wrapper for function: plugin_security_update_registry (Plugin Registry Management)
[    2025-09-05T21:50:47 UTC] [INFO] Lazy loading framework initialized
[    2025-09-05T21:50:47 UTC] [INFO] Created lazy wrappers for heavy security modules
[    2025-09-05T22:29:02 UTC] [INFO] Creating lazy wrapper for function: secure_ssh_restart_advanced (Advanced SSH Agent Security)
[    2025-09-05T22:29:02 UTC] [INFO] Creating lazy wrapper for function: secure_ssh_restart_advanced (Advanced SSH Agent Security)
[    2025-09-05T22:29:02 UTC] [INFO] Creating lazy wrapper for function: secure_ssh_status (SSH Agent Status Functions)
[    2025-09-05T22:29:02 UTC] [INFO] Creating lazy wrapper for function: secure_ssh_status (SSH Agent Status Functions)
[    2025-09-05T22:29:02 UTC] [INFO] Creating lazy wrapper for function: plugin_security_status_advanced (Advanced Plugin Security Status)
[    2025-09-05T22:29:02 UTC] [INFO] Creating lazy wrapper for function: plugin_security_status_advanced (Advanced Plugin Security Status)
[    2025-09-05T22:29:02 UTC] [INFO] Creating lazy wrapper for function: plugin_security_scan_all (Plugin Security Scanner)
[    2025-09-05T22:29:02 UTC] [INFO] Creating lazy wrapper for function: plugin_security_scan_all (Plugin Security Scanner)
[    2025-09-05T22:29:02 UTC] [INFO] Creating lazy wrapper for function: plugin_security_update_registry (Plugin Registry Management)
[    2025-09-05T22:29:02 UTC] [INFO] Creating lazy wrapper for function: plugin_security_update_registry (Plugin Registry Management)
[    2025-09-05T22:29:02 UTC] [INFO] Lazy loading framework initialized
[    2025-09-05T22:29:02 UTC] [INFO] Lazy loading framework initialized
[    2025-09-05T22:29:02 UTC] [INFO] Created lazy wrappers for heavy security modules
[    2025-09-05T22:29:02 UTC] [INFO] Created lazy wrappers for heavy security modules
