[    2025-09-01T23:02:27 UTC] [INFO] Creating lazy wrapper for function: secure_ssh_restart_advanced (Advanced SSH Agent Security)
[    2025-09-01T23:02:27 UTC] [INFO] Creating lazy wrapper for function: secure_ssh_status (SSH Agent Status Functions)
[    2025-09-01T23:02:27 UTC] [INFO] Creating lazy wrapper for function: plugin_security_status_advanced (Advanced Plugin Security Status)
[    2025-09-01T23:02:27 UTC] [INFO] Creating lazy wrapper for function: plugin_security_scan_all (Plugin Security Scanner)
[    2025-09-01T23:02:27 UTC] [INFO] Creating lazy wrapper for function: plugin_security_update_registry (Plugin Registry Management)
[    2025-09-01T23:02:27 UTC] [INFO] Lazy loading framework initialized
[    2025-09-01T23:02:27 UTC] [INFO] Created lazy wrappers for heavy security modules
[    2025-09-02T00:37:06 UTC] [INFO] Creating lazy wrapper for function: secure_ssh_restart_advanced (Advanced SSH Agent Security)
[    2025-09-02T00:37:06 UTC] [INFO] Creating lazy wrapper for function: secure_ssh_status (SSH Agent Status Functions)
[    2025-09-02T00:37:06 UTC] [INFO] Creating lazy wrapper for function: plugin_security_status_advanced (Advanced Plugin Security Status)
[    2025-09-02T00:37:06 UTC] [INFO] Creating lazy wrapper for function: plugin_security_scan_all (Plugin Security Scanner)
[    2025-09-02T00:37:06 UTC] [INFO] Creating lazy wrapper for function: plugin_security_update_registry (Plugin Registry Management)
[    2025-09-02T00:37:06 UTC] [INFO] Lazy loading framework initialized
[    2025-09-02T00:37:06 UTC] [INFO] Created lazy wrappers for heavy security modules
[    2025-09-02T00:37:12 UTC] [INFO] Creating lazy wrapper for function: secure_ssh_restart_advanced (Advanced SSH Agent Security)
[    2025-09-02T00:37:13 UTC] [INFO] Creating lazy wrapper for function: secure_ssh_status (SSH Agent Status Functions)
[    2025-09-02T00:37:13 UTC] [INFO] Creating lazy wrapper for function: plugin_security_status_advanced (Advanced Plugin Security Status)
[    2025-09-02T00:37:13 UTC] [INFO] Creating lazy wrapper for function: plugin_security_scan_all (Plugin Security Scanner)
[    2025-09-02T00:37:13 UTC] [INFO] Creating lazy wrapper for function: plugin_security_update_registry (Plugin Registry Management)
[    2025-09-02T00:37:13 UTC] [INFO] Lazy loading framework initialized
[    2025-09-02T00:37:13 UTC] [INFO] Created lazy wrappers for heavy security modules
[    2025-09-02T00:37:18 UTC] [INFO] Creating lazy wrapper for function: secure_ssh_restart_advanced (Advanced SSH Agent Security)
[    2025-09-02T00:37:18 UTC] [INFO] Creating lazy wrapper for function: secure_ssh_status (SSH Agent Status Functions)
[    2025-09-02T00:37:18 UTC] [INFO] Creating lazy wrapper for function: plugin_security_status_advanced (Advanced Plugin Security Status)
[    2025-09-02T00:37:18 UTC] [INFO] Creating lazy wrapper for function: plugin_security_scan_all (Plugin Security Scanner)
[    2025-09-02T00:37:18 UTC] [INFO] Creating lazy wrapper for function: plugin_security_update_registry (Plugin Registry Management)
[    2025-09-02T00:37:18 UTC] [INFO] Lazy loading framework initialized
[    2025-09-02T00:37:18 UTC] [INFO] Created lazy wrappers for heavy security modules
[    2025-09-02T00:37:23 UTC] [INFO] Creating lazy wrapper for function: secure_ssh_restart_advanced (Advanced SSH Agent Security)
[    2025-09-02T00:37:23 UTC] [INFO] Creating lazy wrapper for function: secure_ssh_status (SSH Agent Status Functions)
[    2025-09-02T00:37:23 UTC] [INFO] Creating lazy wrapper for function: plugin_security_status_advanced (Advanced Plugin Security Status)
[    2025-09-02T00:37:23 UTC] [INFO] Creating lazy wrapper for function: plugin_security_scan_all (Plugin Security Scanner)
[    2025-09-02T00:37:23 UTC] [INFO] Creating lazy wrapper for function: plugin_security_update_registry (Plugin Registry Management)
[    2025-09-02T00:37:23 UTC] [INFO] Lazy loading framework initialized
[    2025-09-02T00:37:23 UTC] [INFO] Created lazy wrappers for heavy security modules
[    2025-09-02T19:10:18 UTC] [INFO] Creating lazy wrapper for function: secure_ssh_restart_advanced (Advanced SSH Agent Security)
[    2025-09-02T19:10:18 UTC] [INFO] Creating lazy wrapper for function: secure_ssh_status (SSH Agent Status Functions)
[    2025-09-02T19:10:18 UTC] [INFO] Creating lazy wrapper for function: plugin_security_status_advanced (Advanced Plugin Security Status)
[    2025-09-02T19:10:18 UTC] [INFO] Creating lazy wrapper for function: plugin_security_scan_all (Plugin Security Scanner)
[    2025-09-02T19:10:18 UTC] [INFO] Creating lazy wrapper for function: plugin_security_update_registry (Plugin Registry Management)
[    2025-09-02T19:10:18 UTC] [INFO] Lazy loading framework initialized
[    2025-09-02T19:10:18 UTC] [INFO] Created lazy wrappers for heavy security modules
[    2025-09-02T20:47:06 UTC] [INFO] Creating lazy wrapper for function: secure_ssh_restart_advanced (Advanced SSH Agent Security)
[    2025-09-02T20:47:06 UTC] [INFO] Creating lazy wrapper for function: secure_ssh_status (SSH Agent Status Functions)
[    2025-09-02T20:47:06 UTC] [INFO] Creating lazy wrapper for function: plugin_security_status_advanced (Advanced Plugin Security Status)
[    2025-09-02T20:47:06 UTC] [INFO] Creating lazy wrapper for function: plugin_security_scan_all (Plugin Security Scanner)
[    2025-09-02T20:47:06 UTC] [INFO] Creating lazy wrapper for function: plugin_security_update_registry (Plugin Registry Management)
[    2025-09-02T20:47:06 UTC] [INFO] Lazy loading framework initialized
[    2025-09-02T20:47:06 UTC] [INFO] Created lazy wrappers for heavy security modules
[    2025-09-02T21:49:39 UTC] [INFO] Creating lazy wrapper for function: secure_ssh_restart_advanced (Advanced SSH Agent Security)
[    2025-09-02T21:49:39 UTC] [INFO] Creating lazy wrapper for function: secure_ssh_status (SSH Agent Status Functions)
[    2025-09-02T21:49:39 UTC] [INFO] Creating lazy wrapper for function: plugin_security_status_advanced (Advanced Plugin Security Status)
[    2025-09-02T21:49:39 UTC] [INFO] Creating lazy wrapper for function: plugin_security_scan_all (Plugin Security Scanner)
[    2025-09-02T21:49:39 UTC] [INFO] Creating lazy wrapper for function: plugin_security_update_registry (Plugin Registry Management)
[    2025-09-02T21:49:39 UTC] [INFO] Lazy loading framework initialized
[    2025-09-02T21:49:39 UTC] [INFO] Created lazy wrappers for heavy security modules
[    2025-09-02T21:49:54 UTC] [INFO] Creating lazy wrapper for function: secure_ssh_restart_advanced (Advanced SSH Agent Security)
[    2025-09-02T21:49:54 UTC] [INFO] Creating lazy wrapper for function: secure_ssh_status (SSH Agent Status Functions)
[    2025-09-02T21:49:54 UTC] [INFO] Creating lazy wrapper for function: plugin_security_status_advanced (Advanced Plugin Security Status)
[    2025-09-02T21:49:54 UTC] [INFO] Creating lazy wrapper for function: plugin_security_scan_all (Plugin Security Scanner)
[    2025-09-02T21:49:54 UTC] [INFO] Creating lazy wrapper for function: plugin_security_update_registry (Plugin Registry Management)
[    2025-09-02T21:49:54 UTC] [INFO] Lazy loading framework initialized
[    2025-09-02T21:49:54 UTC] [INFO] Created lazy wrappers for heavy security modules
